%EventDef PajeDefineContainerType 0 
%       Alias string 
%       Type string 
%       Name string 
%EndEventDef 
%EventDef PajeDefineVariableType 1 
%       Alias string 
%       Type string 
%       Name string 
%       Color color 
%EndEventDef 
%EventDef PajeDefineStateType 2 
%       Alias string 
%       Type string 
%       Name string 
%EndEventDef 
%EventDef PajeDefineEventType 3 
%       Alias string 
%       Type string 
%       Name string 
%       Color color 
%EndEventDef 
%EventDef PajeDefineLinkType 4 
%       Alias string 
%       Type string 
%       StartContainerType string 
%       EndContainerType string 
%       Name string 
%EndEventDef 
%EventDef PajeDefineEntityValue 5 
%       Alias string 
%       Type string 
%       Name string 
%       Color color 
%EndEventDef 
%EventDef PajeCreateContainer 6 
%       Time date 
%       Alias string 
%       Type string 
%       Container string 
%       Name string 
%EndEventDef 
%EventDef PajeDestroyContainer 7 
%       Time date 
%       Type string 
%       Name string 
%EndEventDef 
%EventDef PajeSetVariable 8 
%       Time date 
%       Type string 
%       Container string 
%       Value double 
%EndEventDef
%EventDef PajeAddVariable 9 
%       Time date 
%       Type string 
%       Container string 
%       Value double 
%EndEventDef
%EventDef PajeSubVariable 10 
%       Time date 
%       Type string 
%       Container string 
%       Value double 
%EndEventDef
%EventDef PajeSetState 11 
%       Time date 
%       Type string 
%       Container string 
%       Value string 
%EndEventDef
%EventDef PajePushState 12 
%       Time date 
%       Type string 
%       Container string 
%       Value string 
%       Id string 
%EndEventDef
%EventDef PajePopState 13 
%       Time date 
%       Type string 
%       Container string 
%EndEventDef
%EventDef PajeResetState 14 
%       Time date 
%       Type string 
%       Container string 
%EndEventDef
%EventDef PajeStartLink 15 
%       Time date 
%       Type string 
%       Container string 
%       Value string 
%       StartContainer string 
%       Key string 
%EndEventDef
%EventDef PajeEndLink 16 
%       Time date 
%       Type string 
%       Container string 
%       Value string 
%       EndContainer string 
%       Key string 
%EndEventDef
%EventDef PajeNewEvent 17 
%       Time date 
%       Type string 
%       Container string 
%       Value string 
%EndEventDef
0	a1	0	"Task Manager"
0	a2	a1	"Node"
0	a3	a1	"Thread"
0	a4	a1	"Jobs"
0	a5	a1	"Memory usage"
2	a6	a4	"Job"
2	a7	a3	"Task"
2	a8	a3	"Timer state"
6	0	a9	a1	0	"The task manager"
6	0	a10	a4	a9	"Jobs"
6	0	a11	a5	a9	"Memory"
1	a12	a1	"Memory [MB]"	"1.0 1.0 1.0"
6	0	a13	a2	a9	"Node 0"
6	0	a14	a3	a13	"Thread 0"
6	0	a15	a3	a13	"Thread 1"
6	0	a16	a3	a13	"Thread 2"
6	0	a17	a3	a13	"Thread 3"
5	a18	a6	"ngcore::ParallelFor<int,ngcore::EnterTaskManager()::{lambda(int)#1}>(ngcore::T_Range<int>,ngcore::EnterTaskManager()::{lambda(int)#1},int,ngcore::TotalCosts)::{lambda(ngcore::TaskInfo&)#1}"	"0.630615054310908 1 0"
5	a19	a7	"ngcore::ParallelFor<int,ngcore::EnterTaskManager()::{lambda(int)#1}>(ngcore::T_Range<int>,ngcore::EnterTaskManager()::{lambda(int)#1},int,ngcore::TotalCosts)::{lambda(ngcore::TaskInfo&)#1}"	"0.630615054310908 1 0"
5	a20	a6	"ngcore::ParallelForRange<netgen::ElementIndex,netgen::MeshOptimize3d::SwapImprove(ngcore::TBitArray<netgen::ElementIndex>const*)::{lambda(auto:1)#1}>(ngcore::T_Range<netgen::ElementIndex>,netgen::MeshOptimize3d::SwapImprove(ngcore::TBitArray<netgen::ElementIndex>const*)::{lambda(auto:1)#1},int,ngcore::TotalCosts)::{lambda(ngcore::TaskInfo&)#1}"	"0.251699413231504 1 0"
5	a21	a7	"ngcore::ParallelForRange<netgen::ElementIndex,netgen::MeshOptimize3d::SwapImprove(ngcore::TBitArray<netgen::ElementIndex>const*)::{lambda(auto:1)#1}>(ngcore::T_Range<netgen::ElementIndex>,netgen::MeshOptimize3d::SwapImprove(ngcore::TBitArray<netgen::ElementIndex>const*)::{lambda(auto:1)#1},int,ngcore::TotalCosts)::{lambda(ngcore::TaskInfo&)#1}"	"0.251699413231504 1 0"
5	a22	a6	"ngcore::ParallelForRange<netgen::ElementIndex,ngcore::CreateTable<netgen::ElementIndex,netgen::PointIndex,ngcore::T_Range<netgen::ElementIndex>,netgen::Mesh::CreatePoint2ElementTable(std::optional<ngcore::TBitArray<netgen::PointIndex>>,int)const::{lambda(auto:1&,netgen::ElementIndex)#1}>(ngcore::T_Range<netgen::ElementIndex>const&,netgen::Mesh::CreatePoint2ElementTable(std::optional<ngcore::TBitArray<netgen::PointIndex>>,int)const::{lambda(auto:1&,netgen::ElementIndex)#1}const&,std::optional<unsigned long>)::{lambda(auto:1)#1}>(ngcore::T_Range<netgen::ElementIndex>,ngcore::CreateTable<netgen::ElementIndex,netgen::PointIndex,ngcore::T_Range<netgen::ElementIndex>,netgen::Mesh::CreatePoint2ElementTable(std::optional<ngcore::TBitArray<netgen::PointIndex>>,int)const::{lambda(auto:1&,netgen::ElementIndex)#1}>(ngcore::T_Range<netgen::ElementIndex>const&,netgen::Mesh::CreatePoint2ElementTable(std::optional<ngcore::TBitArray<netgen::PointIndex>>,int)const::{lambda(auto:1&,netgen::ElementIndex)#1}const&,std::optional<unsigned long>)::{lambda(auto:1)#1},int,ngcore::TotalCosts)::{lambda(ngcore::TaskInfo&)#1}"	"1 0 0.735593826215619"
5	a23	a7	"ngcore::ParallelForRange<netgen::ElementIndex,ngcore::CreateTable<netgen::ElementIndex,netgen::PointIndex,ngcore::T_Range<netgen::ElementIndex>,netgen::Mesh::CreatePoint2ElementTable(std::optional<ngcore::TBitArray<netgen::PointIndex>>,int)const::{lambda(auto:1&,netgen::ElementIndex)#1}>(ngcore::T_Range<netgen::ElementIndex>const&,netgen::Mesh::CreatePoint2ElementTable(std::optional<ngcore::TBitArray<netgen::PointIndex>>,int)const::{lambda(auto:1&,netgen::ElementIndex)#1}const&,std::optional<unsigned long>)::{lambda(auto:1)#1}>(ngcore::T_Range<netgen::ElementIndex>,ngcore::CreateTable<netgen::ElementIndex,netgen::PointIndex,ngcore::T_Range<netgen::ElementIndex>,netgen::Mesh::CreatePoint2ElementTable(std::optional<ngcore::TBitArray<netgen::PointIndex>>,int)const::{lambda(auto:1&,netgen::ElementIndex)#1}>(ngcore::T_Range<netgen::ElementIndex>const&,netgen::Mesh::CreatePoint2ElementTable(std::optional<ngcore::TBitArray<netgen::PointIndex>>,int)const::{lambda(auto:1&,netgen::ElementIndex)#1}const&,std::optional<unsigned long>)::{lambda(auto:1)#1},int,ngcore::TotalCosts)::{lambda(ngcore::TaskInfo&)#1}"	"1 0 0.735593826215619"
5	a24	a6	"ngcore::ParallelForRange<netgen::PointIndex,ngcore::CreateSortedTable<netgen::ElementIndex,netgen::PointIndex,ngcore::T_Range<netgen::ElementIndex>,netgen::Mesh::CreatePoint2ElementTable(std::optional<ngcore::TBitArray<netgen::PointIndex>>,int)const::{lambda(auto:1&,netgen::ElementIndex)#1}>(ngcore::T_Range<netgen::ElementIndex>const&,netgen::Mesh::CreatePoint2ElementTable(std::optional<ngcore::TBitArray<netgen::PointIndex>>,int)const::{lambda(auto:1&,netgen::ElementIndex)#1}const&,std::optional<unsigned long>)::{lambda(auto:1)#1}>(ngcore::T_Range<netgen::PointIndex>,ngcore::CreateSortedTable<netgen::ElementIndex,netgen::PointIndex,ngcore::T_Range<netgen::ElementIndex>,netgen::Mesh::CreatePoint2ElementTable(std::optional<ngcore::TBitArray<netgen::PointIndex>>,int)const::{lambda(auto:1&,netgen::ElementIndex)#1}>(ngcore::T_Range<netgen::ElementIndex>const&,netgen::Mesh::CreatePoint2ElementTable(std::optional<ngcore::TBitArray<netgen::PointIndex>>,int)const::{lambda(auto:1&,netgen::ElementIndex)#1}const&,std::optional<unsigned long>)::{lambda(auto:1)#1},int,ngcore::TotalCosts)::{lambda(ngcore::TaskInfo&)#1}"	"0.635982936861921 1 0"
5	a25	a7	"ngcore::ParallelForRange<netgen::PointIndex,ngcore::CreateSortedTable<netgen::ElementIndex,netgen::PointIndex,ngcore::T_Range<netgen::ElementIndex>,netgen::Mesh::CreatePoint2ElementTable(std::optional<ngcore::TBitArray<netgen::PointIndex>>,int)const::{lambda(auto:1&,netgen::ElementIndex)#1}>(ngcore::T_Range<netgen::ElementIndex>const&,netgen::Mesh::CreatePoint2ElementTable(std::optional<ngcore::TBitArray<netgen::PointIndex>>,int)const::{lambda(auto:1&,netgen::ElementIndex)#1}const&,std::optional<unsigned long>)::{lambda(auto:1)#1}>(ngcore::T_Range<netgen::PointIndex>,ngcore::CreateSortedTable<netgen::ElementIndex,netgen::PointIndex,ngcore::T_Range<netgen::ElementIndex>,netgen::Mesh::CreatePoint2ElementTable(std::optional<ngcore::TBitArray<netgen::PointIndex>>,int)const::{lambda(auto:1&,netgen::ElementIndex)#1}>(ngcore::T_Range<netgen::ElementIndex>const&,netgen::Mesh::CreatePoint2ElementTable(std::optional<ngcore::TBitArray<netgen::PointIndex>>,int)const::{lambda(auto:1&,netgen::ElementIndex)#1}const&,std::optional<unsigned long>)::{lambda(auto:1)#1},int,ngcore::TotalCosts)::{lambda(ngcore::TaskInfo&)#1}"	"0.635982936861921 1 0"
5	a26	a6	"ngcore::ParallelFor<unsigned long,netgen::BuildEdgeList<ngcore::Table<netgen::ElementIndex,netgen::PointIndex>>(netgen::Mesh const&,ngcore::Table<netgen::ElementIndex,netgen::PointIndex>const&,ngcore::Array<std::tuple<netgen::PointIndex,netgen::PointIndex>,unsigned long>&)::{lambda(int)#1}>(ngcore::T_Range<unsigned long>,netgen::BuildEdgeList<ngcore::Table<netgen::ElementIndex,netgen::PointIndex>>(netgen::Mesh const&,ngcore::Table<netgen::ElementIndex,netgen::PointIndex>const&,ngcore::Array<std::tuple<netgen::PointIndex,netgen::PointIndex>,unsigned long>&)::{lambda(int)#1},int,ngcore::TotalCosts)::{lambda(ngcore::TaskInfo&)#1}"	"0 0.92845231968175 1"
5	a27	a7	"ngcore::ParallelFor<unsigned long,netgen::BuildEdgeList<ngcore::Table<netgen::ElementIndex,netgen::PointIndex>>(netgen::Mesh const&,ngcore::Table<netgen::ElementIndex,netgen::PointIndex>const&,ngcore::Array<std::tuple<netgen::PointIndex,netgen::PointIndex>,unsigned long>&)::{lambda(int)#1}>(ngcore::T_Range<unsigned long>,netgen::BuildEdgeList<ngcore::Table<netgen::ElementIndex,netgen::PointIndex>>(netgen::Mesh const&,ngcore::Table<netgen::ElementIndex,netgen::PointIndex>const&,ngcore::Array<std::tuple<netgen::PointIndex,netgen::PointIndex>,unsigned long>&)::{lambda(int)#1},int,ngcore::TotalCosts)::{lambda(ngcore::TaskInfo&)#1}"	"0 0.92845231968175 1"
5	a28	a6	"ngcore::ParallelForRange<unsigned long,netgen::MeshOptimize3d::UpdateBadness()::{lambda(auto:1)#1}>(ngcore::T_Range<unsigned long>,netgen::MeshOptimize3d::UpdateBadness()::{lambda(auto:1)#1},int,ngcore::TotalCosts)::{lambda(ngcore::TaskInfo&)#1}"	"1 0.678650250816404 0"
5	a29	a7	"ngcore::ParallelForRange<unsigned long,netgen::MeshOptimize3d::UpdateBadness()::{lambda(auto:1)#1}>(ngcore::T_Range<unsigned long>,netgen::MeshOptimize3d::UpdateBadness()::{lambda(auto:1)#1},int,ngcore::TotalCosts)::{lambda(ngcore::TaskInfo&)#1}"	"1 0.678650250816404 0"
5	a30	a6	"ngcore::ParallelForRange<unsigned long,netgen::MeshOptimize3d::SwapImprove(ngcore::TBitArray<netgen::ElementIndex>const*)::{lambda(auto:1)#2}>(ngcore::T_Range<unsigned long>,netgen::MeshOptimize3d::SwapImprove(ngcore::TBitArray<netgen::ElementIndex>const*)::{lambda(auto:1)#2},int,ngcore::TotalCosts)::{lambda(ngcore::TaskInfo&)#1}"	"0 0.259371895869116 1"
5	a31	a7	"ngcore::ParallelForRange<unsigned long,netgen::MeshOptimize3d::SwapImprove(ngcore::TBitArray<netgen::ElementIndex>const*)::{lambda(auto:1)#2}>(ngcore::T_Range<unsigned long>,netgen::MeshOptimize3d::SwapImprove(ngcore::TBitArray<netgen::ElementIndex>const*)::{lambda(auto:1)#2},int,ngcore::TotalCosts)::{lambda(ngcore::TaskInfo&)#1}"	"0 0.259371895869116 1"
5	a32	a6	"ngcore::ParallelForRange<netgen::ElementIndex,netgen::Mesh::Compress()::{lambda(auto:1)#1}>(ngcore::T_Range<netgen::ElementIndex>,netgen::Mesh::Compress()::{lambda(auto:1)#1},int,ngcore::TotalCosts)::{lambda(ngcore::TaskInfo&)#1}"	"1 0.0611641584106637 0"
5	a33	a7	"ngcore::ParallelForRange<netgen::ElementIndex,netgen::Mesh::Compress()::{lambda(auto:1)#1}>(ngcore::T_Range<netgen::ElementIndex>,netgen::Mesh::Compress()::{lambda(auto:1)#1},int,ngcore::TotalCosts)::{lambda(ngcore::TaskInfo&)#1}"	"1 0.0611641584106637 0"
5	a34	a6	"ngcore::ParallelForRange<netgen::SurfaceElementIndex,netgen::Mesh::Compress()::{lambda(auto:1)#2}>(ngcore::T_Range<netgen::SurfaceElementIndex>,netgen::Mesh::Compress()::{lambda(auto:1)#2},int,ngcore::TotalCosts)::{lambda(ngcore::TaskInfo&)#1}"	"1 0 0.468416236915722"
5	a35	a7	"ngcore::ParallelForRange<netgen::SurfaceElementIndex,netgen::Mesh::Compress()::{lambda(auto:1)#2}>(ngcore::T_Range<netgen::SurfaceElementIndex>,netgen::Mesh::Compress()::{lambda(auto:1)#2},int,ngcore::TotalCosts)::{lambda(ngcore::TaskInfo&)#1}"	"1 0 0.468416236915722"
5	a36	a6	"ngcore::ParallelForRange<netgen::ElementIndex,netgen::Mesh::Compress()::{lambda(auto:1)#3}>(ngcore::T_Range<netgen::ElementIndex>,netgen::Mesh::Compress()::{lambda(auto:1)#3},int,ngcore::TotalCosts)::{lambda(ngcore::TaskInfo&)#1}"	"0.688034037288286 1 0"
5	a37	a7	"ngcore::ParallelForRange<netgen::ElementIndex,netgen::Mesh::Compress()::{lambda(auto:1)#3}>(ngcore::T_Range<netgen::ElementIndex>,netgen::Mesh::Compress()::{lambda(auto:1)#3},int,ngcore::TotalCosts)::{lambda(ngcore::TaskInfo&)#1}"	"0.688034037288286 1 0"
5	a38	a6	"ngcore::ParallelForRange<netgen::SurfaceElementIndex,netgen::Mesh::Compress()::{lambda(auto:1)#4}>(ngcore::T_Range<netgen::SurfaceElementIndex>,netgen::Mesh::Compress()::{lambda(auto:1)#4},int,ngcore::TotalCosts)::{lambda(ngcore::TaskInfo&)#1}"	"0 0.666479625428673 1"
5	a39	a7	"ngcore::ParallelForRange<netgen::SurfaceElementIndex,netgen::Mesh::Compress()::{lambda(auto:1)#4}>(ngcore::T_Range<netgen::SurfaceElementIndex>,netgen::Mesh::Compress()::{lambda(auto:1)#4},int,ngcore::TotalCosts)::{lambda(ngcore::TaskInfo&)#1}"	"0 0.666479625428673 1"
5	a40	a8	"UpdateBadness"	"0.0229539312475719 1 0"
5	a41	a8	"Build edges"	"0 0.0614795051658243 1"
5	a42	a8	"CreateTable"	"0.608616351291681 0 1"
5	a43	a8	"CreateSortedTable"	"0 0.0381698166109086 1"
5	a44	a8	"MeshOptimize3d::SwapImprove loop"	"0.154668690207104 1 0"
5	a45	a8	"MeshOptimize3d::SwapImprove"	"1 0 0.872378238214267"
5	a46	a8	"FreeOpenElementsEnvironment"	"0.907015785320433 0 1"
5	a47	a8	"Mesh::BuildBoundaryEdges"	"1 0 0.657663000435024"
5	a48	a8	"Mesh::CreatePoint2VolumeElementTable"	"1 0 0.838864258685815"
5	a49	a8	"Mesh::LinkSurfaceElements"	"0 1 0.171518596860468"
5	a50	a8	"Mesh::Compress"	"1 0.648677515017027 0"
5	a51	a8	"Mesh::CalcSurfacesOfNode, pointloop"	"0 0.319536079261344 1"
5	a52	a8	"Mesh::CalcSurfacesOfNode - surfelementht"	"0.690162641156969 0 1"
5	a53	a8	"Mesh::CalcSurfacesOfNode - surf on node"	"0.000515674241007069 1 0"
5	a54	a8	"Mesh::CalcSurfacesOfNode"	"1 0 0.975916575867663"
6	0	a55	a3	a9	"Timer level 0"
6	0	a56	a3	a9	"Timer level 1"
6	0	a57	a3	a9	"Timer level 2"
6	0	a58	a3	a9	"Timer level 3"
4	a59	a2	a3	a3	"links"
12	0.270317875004178	a6	a10	a18	0
13	0.271471669592828	a6	a10
12	0.297804981443653	a6	a10	a20	0
13	0.300646475569252	a6	a10
12	0.30437181234335	a6	a10	a22	0
13	0.309366923058162	a6	a10
12	0.310502720850801	a6	a10	a22	0
13	0.317085548902507	a6	a10
12	0.317427488026699	a6	a10	a24	0
13	0.320550931956458	a6	a10
12	0.325624028787314	a6	a10	a26	0
13	0.335656242740961	a6	a10
12	0.339893488379347	a6	a10	a28	0
13	0.34261700350888	a6	a10
12	0.34352284224139	a6	a10	a30	0
13	0.426324101040004	a6	a10
12	0.451761572378324	a6	a10	a32	0
13	0.453831203919489	a6	a10
12	0.454021170099596	a6	a10	a34	0
13	0.455906834392658	a6	a10
12	0.457618529657622	a6	a10	a36	0
13	0.459154256250486	a6	a10
12	0.459406211394628	a6	a10	a38	0
13	0.461055917695557	a6	a10
12	0.479514631469948	a6	a10	a20	0
13	0.481374300390995	a6	a10
12	0.482204152651462	a6	a10	a22	0
13	0.487077285082206	a6	a10
12	0.487393228834384	a6	a10	a22	0
13	0.493510139833827	a6	a10
12	0.493858077890023	a6	a10	a24	0
13	0.497001518259793	a6	a10
12	0.499861009181402	a6	a10	a26	0
13	0.508483474114257	a6	a10
12	0.511075012739715	a6	a10	a28	0
13	0.513518577709091	a6	a10
12	0.51392450544132	a6	a10	a30	0
13	0.574439731847387	a6	a10
12	0.595797929423411	a6	a10	a32	0
13	0.59716368627618	a6	a10
12	0.597343654236281	a6	a10	a34	0
13	0.598935370861177	a6	a10
12	0.600167151565871	a6	a10	a36	0
13	0.601828855730806	a6	a10
12	0.601996825826901	a6	a10	a38	0
13	0.603030641775483	a6	a10
12	0.616248288622924	a6	a10	a20	0
13	0.617905993499857	a6	a10
12	0.618459894888169	a6	a10	a22	0
13	0.622509173990449	a6	a10
12	0.622843114538636	a6	a10	a22	0
13	0.628674076445919	a6	a10
12	0.628986020910095	a6	a10	a24	0
13	0.63196149118377	a6	a10
12	0.634367062917124	a6	a10	a26	0
13	0.642707578045819	a6	a10
12	0.644949178971081	a6	a10	a28	0
13	0.646974818344222	a6	a10
12	0.64750472400452	a6	a10	a30	0
13	0.708169923710672	a6	a10
12	0.709731645675551	a6	a10	a32	0
13	0.711195385084375	a6	a10
12	0.711295367284432	a6	a10	a34	0
13	0.71294507358536	a6	a10
12	0.714268837914106	a6	a10	a36	0
13	0.71587455204701	a6	a10
12	0.716022525703093	a6	a10	a38	0
13	0.717464269027905	a6	a10
12	0.73045795574722	a6	a10	a20	0
13	0.732295628584254	a6	a10
12	0.732847530328565	a6	a10	a22	0
13	0.738534517867766	a6	a10
12	0.738874457347958	a6	a10	a22	0
13	0.745461284687666	a6	a10
12	0.745767230219838	a6	a10	a24	0
13	0.748906671301605	a6	a10
12	0.750974303198769	a6	a10	a26	0
13	0.758722923703132	a6	a10
12	0.760738564856266	a6	a10	a28	0
13	0.762598233777313	a6	a10
12	0.763046154033565	a6	a10	a30	0
13	0.818294318140668	a6	a10
12	0.819784052921507	a6	a10	a32	0
13	0.821071823658232	a6	a10
12	0.821215798026313	a6	a10	a34	0
13	0.822807514651209	a6	a10
12	0.824003301763882	a6	a10	a36	0
13	0.825553025864754	a6	a10
12	0.825708998096842	a6	a10	a38	0
13	0.826600839321344	a6	a10
12	0.838768673068194	a6	a10	a20	0
13	0.840616344125234	a6	a10
12	0.84112425370152	a6	a10	a22	0
13	0.845425487947942	a6	a10
12	0.845733433124115	a6	a10	a22	0
13	0.851704370111477	a6	a10
12	0.851966323475624	a6	a10	a24	0
13	0.854737830061184	a6	a10
12	0.856679484386277	a6	a10	a26	0
13	0.864140156154477	a6	a10
12	0.866107805851585	a6	a10	a28	0
13	0.867471563060353	a6	a10
12	0.867911484740601	a6	a10	a30	0
13	0.920954041514461	a6	a10
12	0.922427779143291	a6	a10	a32	0
13	0.923685555219999	a6	a10
12	0.923803534216066	a6	a10	a34	0
13	0.925443242296989	a6	a10
12	0.926789002709746	a6	a10	a36	0
13	0.928238744610562	a6	a10
12	0.928386718266646	a6	a10	a38	0
13	0.929816463727451	a6	a10
12	0.945595654540334	a6	a10	a20	0
13	0.947615294981471	a6	a10
12	0.948133202777762	a6	a10	a22	0
13	0.954450078177318	a6	a10
12	0.954760022997493	a6	a10	a22	0
13	0.961706786257404	a6	a10
12	0.962052724669598	a6	a10	a24	0
13	0.964824231255159	a6	a10
12	0.966801879172272	a6	a10	a26	0
13	0.97463248508068	a6	a10
12	0.976600134777788	a6	a10	a28	0
13	0.978079871338621	a6	a10
12	0.978411812242808	a6	a10	a30	0
13	1.02883083608719	a6	a10
12	1.03037656090006	a6	a10	a32	0
13	1.03179030920886	a6	a10
12	1.03193628322094	a6	a10	a34	0
13	1.03368597172193	a6	a10
12	1.03476577948253	a6	a10	a36	0
13	1.03655346121954	a6	a10
12	1.03671343273963	a6	a10	a38	0
13	1.03832114651653	a6	a10
12	1.05145880760393	a6	a10	a20	0
13	1.05311451283686	a6	a10
12	1.05362642170115	a6	a10	a22	0
13	1.05766170329542	a6	a10
12	1.05799164455561	a6	a10	a22	0
13	1.06417254416309	a6	a10
12	1.06448448862726	a6	a10	a24	0
13	1.06767592045306	a6	a10
12	1.06956558403412	a6	a10	a26	0
13	1.07737019457052	a6	a10
12	1.07924985993158	a6	a10	a28	0
13	1.08077758794844	a6	a10
12	1.08116551888465	a6	a10	a30	0
13	1.13283432022974	a6	a10
12	1.1343500503826	a6	a10	a32	0
13	1.13539986348319	a6	a10
12	1.13553383963126	a6	a10	a34	0
13	1.13727153026824	a6	a10
12	1.13839732984087	a6	a10	a36	0
13	1.1402250044579	a6	a10
12	1.14034498309797	a6	a10	a38	0
13	1.14184471609881	a6	a10
12	1.15326868227725	a6	a10	a20	0
13	1.15511435369028	a6	a10
12	1.15562826219857	a6	a10	a22	0
13	1.16087532805753	a6	a10
12	1.16121526753772	a6	a10	a22	0
13	1.16822601940567	a6	a10
12	1.16849597134582	a6	a10	a24	0
13	1.1716694063756	a6	a10
12	1.1736130603447	a6	a10	a26	0
13	1.18076378729272	a6	a10
12	1.18265145122979	a6	a10	a28	0
13	1.1841011931306	a6	a10
12	1.18430315717472	a6	a10	a30	0
13	1.23955732021382	a6	a10
12	1.24115503577072	a6	a10	a32	0
13	1.24263877161956	a6	a10
12	1.24275275132762	a6	a10	a34	0
13	1.24425448397247	a6	a10
12	1.2453762842571	a6	a10	a36	0
13	1.24686801868194	a6	a10
12	1.24701399269402	a6	a10	a38	0
13	1.24825777126272	a6	a10
12	1.25991369614528	a6	a10	a20	0
13	1.26151941027819	a6	a10
12	1.26201732163447	a6	a10	a22	0
13	1.26623457083284	a6	a10
12	1.26654251600901	a6	a10	a22	0
13	1.27233948396828	a6	a10
12	1.27267942344847	a6	a10	a24	0
13	1.27559290475811	a6	a10
12	1.27746857083117	a6	a10	a26	0
13	1.28466928887922	a6	a10
12	1.28661094320431	a6	a10	a28	0
13	1.28803069044511	a6	a10
12	1.28849060856537	a6	a10	a30	0
13	1.33919958078992	a6	a10
12	1.34063132589472	a6	a10	a32	0
13	1.34155716106724	a6	a10
12	1.34167913935131	a6	a10	a34	0
13	1.34330684956823	a6	a10
12	1.34448463988489	a6	a10	a36	0
13	1.34564243376154	a6	a10
12	1.34578040919762	a6	a10	a38	0
13	1.34742211692255	a6	a10
12	1.35860012688884	a6	a10	a20	0
13	1.36053378263793	a6	a10
12	1.3610156968422	a6	a10	a22	0
13	1.36630275558118	a6	a10
12	1.36662069897735	a6	a10	a22	0
13	1.37321152560506	a6	a10
12	1.37349547505322	a6	a10	a24	0
13	1.37639695849886	a6	a10
12	1.37811865198383	a6	a10	a26	0
13	1.38531137145588	a6	a10
12	1.38720703396894	a6	a10	a28	0
13	1.38878275344183	a6	a10
12	1.38923067369808	a6	a10	a30	0
13	1.43873186094595	a6	a10
12	1.44034757329886	a6	a10	a32	0
13	1.44198128244778	a6	a10
12	1.44210726001985	a6	a10	a34	0
13	1.44297510551634	a6	a10
12	1.44423688088105	a6	a10	a36	0
13	1.4457486117459	a6	a10
12	1.44588458753798	a6	a10	a38	0
13	1.44689240811454	a6	a10
12	1.45431708629072	a6	a10	a32	0
13	1.45577482676754	a6	a10
12	1.45592879935563	a6	a10	a34	0
13	1.45766648999261	a6	a10
12	1.45857832765712	a6	a10	a36	0
13	1.45971412544976	a6	a10
12	1.45984810159784	a6	a10	a38	0
13	1.46158779187882	a6	a10
8	0	a12	a11	0
12	0.278742375180921	a8	a55	a46	-1
13	0.28330556279149	a8	a55
12	0.294945490522043	a8	a55	a45	-1
12	0.296029297570653	a8	a56	a47	-1
13	0.296141277634716	a8	a56
12	0.301782273361892	a8	a56	a48	-1
12	0.302948065814548	a8	a57	a43	-1
12	0.303691933382967	a8	a58	a42	-1
13	0.317323506538641	a8	a58
13	0.320630917716503	a8	a57
13	0.320698905612541	a8	a56
12	0.325142114583042	a8	a56	a41	-1
13	0.337931837614243	a8	a56
12	0.339325589483027	a8	a56	a40	-1
13	0.34281296862099	a8	a56
12	0.343018931953106	a8	a56	a44	-1
13	0.445942608335048	a8	a56
12	0.450765749665764	a8	a56	a50	-1
12	0.462821603348551	a8	a57	a49	-1
13	0.463519479104944	a8	a57
12	0.464085378357262	a8	a57	a54	-1
12	0.466416963262575	a8	a58	a53	-1
13	0.468580578071793	a8	a58
12	0.468650565611832	a8	a58	a52	-1
13	0.469912340976542	a8	a58
12	0.470000325312592	a8	a58	a51	-1
13	0.470480239872862	a8	a58
13	0.471054137701185	a8	a57
13	0.471342086437347	a8	a56
13	0.472641855038079	a8	a55
12	0.473473706942547	a8	a55	a45	-1
12	0.473559691634596	a8	a56	a47	-1
13	0.479154695549746	a8	a56
12	0.481688244499172	a8	a56	a48	-1
12	0.481742234887202	a8	a57	a43	-1
12	0.481910204983297	a8	a58	a42	-1
13	0.493762094977969	a8	a58
13	0.497071505799832	a8	a57
13	0.497149491915876	a8	a56
12	0.499651046561284	a8	a56	a41	-1
13	0.510335144459299	a8	a56
12	0.510851052611589	a8	a56	a40	-1
13	0.51369454638119	a8	a56
12	0.513834521461269	a8	a56	a44	-1
13	0.591416709416945	a8	a56
12	0.594984074314953	a8	a56	a50	-1
12	0.604208432092146	a8	a57	a49	-1
13	0.604480383676299	a8	a57
12	0.604564368724346	a8	a57	a54	-1
12	0.60617008285725	a8	a58	a53	-1
13	0.607959764238258	a8	a58
12	0.608049748218308	a8	a58	a52	-1
13	0.608855604750762	a8	a58
12	0.608929591578804	a8	a58	a51	-1
13	0.609299525719012	a8	a58
13	0.609841429243317	a8	a57
13	0.610025396491421	a8	a56
13	0.611011220983976	a8	a55
12	0.611675102792349	a8	a55	a45	-1
12	0.611755088552394	a8	a56	a47	-1
13	0.615876354838715	a8	a56
12	0.618131953271984	a8	a56	a48	-1
12	0.618187943304016	a8	a57	a43	-1
12	0.618245932980048	a8	a58	a42	-1
13	0.628866042270027	a8	a58
13	0.632007482995796	a8	a57
13	0.632075470891834	a8	a56
12	0.634131104924991	a8	a56	a41	-1
13	0.644519255510839	a8	a56
12	0.644855195703029	a8	a56	a40	-1
13	0.647132790220311	a8	a56
12	0.647300760316405	a8	a56	a44	-1
13	0.708393883838798	a8	a56
12	0.709243732539277	a8	a56	a50	-1
12	0.718436096012452	a8	a57	a49	-1
13	0.718654057208574	a8	a57
12	0.718734042968619	a8	a57	a54	-1
12	0.720417743217567	a8	a58	a53	-1
13	0.722117440618524	a8	a58
12	0.722193427090567	a8	a58	a52	-1
13	0.723077269739064	a8	a58
12	0.723171253007117	a8	a58	a51	-1
13	0.723579180383347	a8	a58
13	0.724077091739627	a8	a57
13	0.724269057563735	a8	a56
13	0.725436849660393	a8	a55
12	0.726046741080736	a8	a55	a45	-1
12	0.72617871758481	a8	a56	a47	-1
13	0.730150010571046	a8	a56
12	0.732553582660399	a8	a56	a48	-1
12	0.732591575896421	a8	a57	a43	-1
12	0.73266156343646	a8	a58	a42	-1
13	0.745685244815792	a8	a58
13	0.748954662757632	a8	a57
13	0.749022650653671	a8	a56
12	0.75081633132268	a8	a56	a41	-1
13	0.760314640328028	a8	a56
12	0.760544599388157	a8	a56	a40	-1
13	0.762764204229407	a8	a56
12	0.762910178241489	a8	a56	a44	-1
13	0.818490283252778	a8	a56
12	0.819308137649239	a8	a56	a50	-1
12	0.827612659185914	a8	a57	a49	-1
13	0.827768631418002	a8	a57
12	0.82785461611005	a8	a57	a54	-1
12	0.829316355874873	a8	a58	a53	-1
13	0.8307860942157	a8	a58
12	0.830882077127754	a8	a58	a52	-1
13	0.831659938644192	a8	a58
12	0.831695932236213	a8	a58	a51	-1
13	0.832047869580411	a8	a58
13	0.832859725044868	a8	a57
13	0.833031694428965	a8	a56
13	0.834025517497524	a8	a55
12	0.834599415325847	a8	a55	a45	-1
12	0.834695398237901	a8	a56	a47	-1
13	0.838442731096011	a8	a56
12	0.840844303541363	a8	a56	a48	-1
12	0.840882296777384	a8	a57	a43	-1
12	0.84094628538542	a8	a58	a42	-1
13	0.85188833735958	a8	a58
13	0.854787821161212	a8	a57
13	0.854845810837245	a8	a56
12	0.856515513578185	a8	a56	a41	-1
13	0.865779864235401	a8	a56
12	0.866015822227533	a8	a56	a40	-1
13	0.867619536716436	a8	a56
12	0.867729517136498	a8	a56	a44	-1
13	0.921104014814546	a8	a56
12	0.921877877042982	a8	a56	a50	-1
12	0.930858278252037	a8	a57	a49	-1
13	0.931476168248385	a8	a57
12	0.93155615400843	a8	a57	a54	-1
12	0.933271848561396	a8	a58	a53	-1
13	0.934707592954204	a8	a58
12	0.934779580138245	a8	a58	a52	-1
13	0.935703415666765	a8	a58
12	0.935743408546787	a8	a58	a51	-1
13	0.936147336635015	a8	a58
13	0.936655246211301	a8	a57
13	0.936851211323411	a8	a56
13	0.938186973516163	a8	a55
12	0.938762870988487	a8	a55	a46	-1
13	0.941366407477953	a8	a55
12	0.941446393237998	a8	a55	a45	-1
12	0.941544375794053	a8	a56	a47	-1
13	0.945285709720159	a8	a56
12	0.947887246565624	a8	a56	a48	-1
12	0.947925239801645	a8	a57	a43	-1
12	0.947959233749664	a8	a58	a42	-1
13	0.961978737841557	a8	a58
13	0.964872222711186	a8	a57
13	0.964944209895226	a8	a56
12	0.966601914772159	a8	a56	a41	-1
13	0.976274192805605	a8	a56
12	0.976508151153736	a8	a56	a40	-1
13	0.978179853538677	a8	a56
12	0.978227844994704	a8	a56	a44	-1
13	1.02897081116727	a8	a56
12	1.02987864954378	a8	a56	a50	-1
12	1.0393289670931	a8	a57	a49	-1
13	1.03996085459746	a8	a57
12	1.04004683928951	a8	a57	a54	-1
12	1.04177053241848	a8	a58	a53	-1
13	1.04333025473935	a8	a58
12	1.0434082408554	a8	a58	a52	-1
13	1.044472051464	a8	a58
12	1.04453404042803	a8	a58	a51	-1
13	1.04497196246428	a8	a58
13	1.04547587275256	a8	a57
13	1.04576182184472	a8	a56
13	1.04681763387732	a8	a55
12	1.04736953562163	a8	a55	a45	-1
12	1.04750951070171	a8	a56	a47	-1
13	1.05113486527575	a8	a56
12	1.053352470473	a8	a56	a48	-1
12	1.05339046370902	a8	a57	a43	-1
12	1.05344845338505	a8	a58	a42	-1
13	1.06435851105519	a8	a58
13	1.06772391190909	a8	a57
13	1.06783189268515	a8	a56
12	1.06938961536202	a8	a56	a41	-1
13	1.07888192543537	a8	a56
12	1.07915987595153	a8	a56	a40	-1
13	1.08085757370848	a8	a56
12	1.08093555982452	a8	a56	a44	-1
13	1.13296029780181	a8	a56
12	1.13384214080631	a8	a56	a50	-1
12	1.14276255269533	a8	a57	a49	-1
13	1.14305050143149	a8	a57
12	1.14313248683554	a8	a57	a54	-1
12	1.14464621734439	a8	a58	a53	-1
13	1.14620394002127	a8	a58
12	1.14627592720531	a8	a58	a52	-1
13	1.14701179619772	a8	a58
12	1.14704978943374	a8	a58	a51	-1
13	1.14739772748994	a8	a58
13	1.14789163955822	a8	a57
13	1.14806360894232	a8	a56
13	1.14897344696283	a8	a55
12	1.14948135653911	a8	a55	a45	-1
12	1.14956134229916	a8	a56	a47	-1
13	1.15298873211709	a8	a56
12	1.15533031524241	a8	a56	a48	-1
12	1.15536830847843	a8	a57	a43	-1
12	1.15543629637447	a8	a58	a42	-1
13	1.16841398594177	a8	a58
13	1.17174939213565	a8	a57
13	1.17181937967569	a8	a56
12	1.17339709879258	a8	a56	a41	-1
13	1.18234950498562	a8	a56
12	1.18254946938573	a8	a56	a40	-1
13	1.18418317853465	a8	a56
12	1.18424316785468	a8	a56	a44	-1
13	1.23972129102192	a8	a56
12	1.24064112726243	a8	a56	a50	-1
12	1.24925959290728	a8	a57	a49	-1
13	1.24945355837539	a8	a57
12	1.24953754342344	a8	a57	a54	-1
12	1.25113725862434	a8	a58	a53	-1
13	1.25267698450521	a8	a58
12	1.25275497062125	a8	a58	a52	-1
13	1.25353883106969	a8	a58
12	1.25360481932173	a8	a58	a51	-1
13	1.25396275559793	a8	a58
13	1.25447866375022	a8	a57
13	1.25478060999439	a8	a56
13	1.25561846083086	a8	a55
12	1.25615236577917	a8	a55	a45	-1
12	1.25628234263924	a8	a56	a47	-1
13	1.2595857545291	a8	a56
12	1.26173937111831	a8	a56	a48	-1
12	1.26177736435433	a8	a57	a43	-1
12	1.26184735189437	a8	a58	a42	-1
13	1.2725554455204	a8	a58
13	1.27564889479014	a8	a57
13	1.27571688268618	a8	a56
12	1.27727660500706	a8	a56	a41	-1
13	1.28630099838414	a8	a56
12	1.28651496029226	a8	a56	a40	-1
13	1.28815866766118	a8	a56
12	1.28828664487726	a8	a56	a44	-1
13	1.33933155729399	a8	a56
12	1.34012141667444	a8	a56	a50	-1
12	1.34842993749911	a8	a57	a49	-1
13	1.34860990545922	a8	a57
12	1.34869389050726	a8	a57	a54	-1
12	1.35027360926815	a8	a58	a53	-1
13	1.35170335472896	a8	a58
12	1.351779341201	a8	a58	a52	-1
13	1.35251920948142	a8	a58
12	1.35256520129344	a8	a58	a51	-1
13	1.35291713863764	a8	a58
13	1.35341504999392	a8	a57
13	1.35359901724202	a8	a56
13	1.35450085668653	a8	a55
12	1.35502476341483	a8	a55	a45	-1
12	1.35512874490289	a8	a56	a47	-1
13	1.35830417957667	a8	a56
12	1.36074174561404	a8	a56	a48	-1
12	1.36077773920607	a8	a57	a43	-1
12	1.3608457271021	a8	a58	a42	-1
13	1.37341149000518	a8	a58
13	1.37643095244688	a8	a57
13	1.37650093998692	a8	a56
12	1.37796068010774	a8	a56	a41	-1
13	1.38681710338872	a8	a56
12	1.38706505924486	a8	a56	a40	-1
13	1.3889107306579	a8	a56
12	1.38904270716198	a8	a56	a44	-1
13	1.43886783673803	a8	a56
12	1.43980766941856	a8	a56	a50	-1
12	1.44782624186307	a8	a57	a49	-1
13	1.44801020911117	a8	a57
12	1.44808819522722	a8	a57	a54	-1
12	1.44966591434411	a8	a58	a53	-1
13	1.45093568828482	a8	a58
12	1.45100767546886	a8	a58	a52	-1
13	1.45186152345734	a8	a58
12	1.45192551206538	a8	a58	a51	-1
13	1.45236943303363	a8	a58
13	1.45288334154192	a8	a57
13	1.45309930309404	a8	a56
13	1.45383117279845	a8	a55
12	1.45397914645453	a8	a55	a50	-1
12	1.46245763701931	a8	a56	a49	-1
13	1.46263560533541	a8	a56
12	1.46269959394344	a8	a56	a54	-1
12	1.4640433547122	a8	a57	a53	-1
13	1.46541511049697	a8	a57
12	1.46550509447702	a8	a57	a52	-1
13	1.46610698732136	a8	a57
12	1.46615697842139	a8	a57	a51	-1
13	1.46649691790158	a8	a57
13	1.46690284563381	a8	a56
13	1.46720079258998	a8	a55
12	0.270469847948264	a7	a14	a19	0
13	0.270619821248348	a7	a14
12	0.270791790632445	a7	a14	a19	1
13	0.270821785292462	a7	a14
12	0.270931765712524	a7	a14	a19	2
13	0.270945763220532	a7	a14
12	0.271153726196649	a7	a14	a19	3
13	0.271169723348658	a7	a14
12	0.298096929467817	a7	a14	a21	0
13	0.298802803800214	a7	a14
12	0.304503788847424	a7	a14	a23	0
13	0.304933712307666	a7	a14
12	0.305209663179821	a7	a14	a23	1
13	0.305395630071926	a7	a14
12	0.305795558872151	a7	a14	a23	5
13	0.305913537868217	a7	a14
12	0.306135498352342	a7	a14	a23	6
13	0.306613413268611	a7	a14
12	0.306925357732787	a7	a14	a23	9
13	0.307601237405168	a7	a14
12	0.307967172257374	a7	a14	a23	14
13	0.308833018109861	a7	a14
12	0.310814665314977	a7	a14	a23	0
13	0.311386563499299	a7	a14
12	0.311788491943525	a7	a14	a23	4
13	0.313030270868224	a7	a14
12	0.313340215688398	a7	a14	a23	8
13	0.31469397467716	a7	a14
12	0.315017917005343	a7	a14	a23	12
13	0.316121720493964	a7	a14
12	0.317569462750779	a7	a14	a25	0
13	0.317785424302901	a7	a14
12	0.318055376243053	a7	a14	a25	2
13	0.318267338507172	a7	a14
12	0.318391316435242	a7	a14	a25	5
13	0.318869231351511	a7	a14
12	0.319047199667611	a7	a14	a25	9
13	0.319509117431871	a7	a14
12	0.319785068304027	a7	a14	a25	15
13	0.320180997816249	a7	a14
12	0.32576000457939	a7	a14	a27	0
13	0.326395891371748	a7	a14
12	0.326479876419796	a7	a14	a27	2
13	0.328347543916847	a7	a14
12	0.328479520420921	a7	a14	a27	6
13	0.329657310737584	a7	a14
12	0.32970330254961	a7	a14	a27	7
13	0.332734762855317	a7	a14
12	0.332930727967427	a7	a14	a27	11
13	0.334180505468131	a7	a14
12	0.334402465952256	a7	a14	a27	15
13	0.335394289376814	a7	a14
12	0.34002346523942	a7	a14	a29	0
13	0.342115092864598	a7	a14
12	0.343698810913489	a7	a14	a31	0
13	0.344610648578002	a7	a14
12	0.344932591262184	a7	a14	a31	4
13	0.351777372678037	a7	a14
12	0.351961339926141	a7	a14	a31	5
13	0.352051323906191	a7	a14
12	0.3522452893743	a7	a14	a31	6
13	0.359104068298162	a7	a14
12	0.35929603412227	a7	a14	a31	7
13	0.389898585915498	a7	a14
12	0.390130544619628	a7	a14	a31	13
13	0.406463636820823	a7	a14
12	0.451947539270429	a7	a14	a33	0
13	0.452205493346574	a7	a14
12	0.45244745027071	a7	a14	a33	2
13	0.452609421434802	a7	a14
12	0.454375107087796	a7	a14	a35	0
13	0.454589068995916	a7	a14
12	0.454835025208054	a7	a14	a35	1
13	0.455014993168156	a7	a14
12	0.457754505449698	a7	a14	a37	0
13	0.457968467357818	a7	a14
12	0.458286410753998	a7	a14	a37	3
13	0.458422386546074	a7	a14
12	0.459652167606766	a7	a14	a39	0
13	0.459856131294881	a7	a14
12	0.460224065791088	a7	a14	a39	2
13	0.460434028411207	a7	a14
12	0.479736591954073	a7	a14	a21	0
13	0.480376478034433	a7	a14
12	0.480620434602571	a7	a14	a21	3
13	0.481008365538789	a7	a14
12	0.482498100319628	a7	a14	a23	0
13	0.482664070771721	a7	a14
12	0.48285803623983	a7	a14	a23	1
13	0.483034004911929	a7	a14
12	0.483297957920078	a7	a14	a23	3
13	0.483475926236178	a7	a14
12	0.483821864648373	a7	a14	a23	6
13	0.484439754644721	a7	a14
12	0.484779694124912	a7	a14	a23	8
13	0.485319598005216	a7	a14
12	0.485581551369364	a7	a14	a23	12
13	0.485847504021513	a7	a14
12	0.487569197506483	a7	a14	a23	0
13	0.487757164042588	a7	a14
12	0.487939131646691	a7	a14	a23	1
13	0.488181088570827	a7	a14
12	0.488521028051018	a7	a14	a23	5
13	0.489652826555656	a7	a14
12	0.489774804839724	a7	a14	a23	6
13	0.490588659948182	a7	a14
12	0.490734633960265	a7	a14	a23	10
13	0.491682465216798	a7	a14
12	0.491832438516883	a7	a14	a23	14
13	0.492920244853495	a7	a14
12	0.494266005266253	a7	a14	a25	0
13	0.494327994230288	a7	a14
12	0.494399981414328	a7	a14	a25	1
13	0.495073861442707	a7	a14
12	0.49543379736291	a7	a14	a25	8
13	0.495559774934981	a7	a14
12	0.495765738267097	a7	a14	a25	10
13	0.495981699819218	a7	a14
12	0.4963036425034	a7	a14	a25	15
13	0.496459614735487	a7	a14
12	0.500080970021526	a7	a14	a27	0
13	0.500254939049624	a7	a14
12	0.500376917333693	a7	a14	a27	1
13	0.505727964680705	a7	a14
12	0.505861940828781	a7	a14	a27	11
13	0.507169708005517	a7	a14
12	0.507305683797593	a7	a14	a27	15
13	0.508309505086159	a7	a14
12	0.511418951507909	a7	a14	a29	0
13	0.511818880308134	a7	a14
12	0.51186487212016	a7	a14	a29	1
13	0.512212810176356	a7	a14
12	0.512368782408444	a7	a14	a29	2
13	0.512772710496671	a7	a14
12	0.514110472333424	a7	a14	a31	0
13	0.514264444921511	a7	a14
12	0.514310436733537	a7	a14	a31	1
13	0.546756660295803	a7	a14
12	0.546890636443878	a7	a14	a31	9
13	0.546978620779928	a7	a14
12	0.547026612235955	a7	a14	a31	10
13	0.563581664921275	a7	a14
12	0.563883611165445	a7	a14	a31	14
13	0.564007589093514	a7	a14
12	0.56405358090554	a7	a14	a31	15
13	0.564187557053616	a7	a14
12	0.596035887059545	a7	a14	a33	0
13	0.596249848967666	a7	a14
12	0.596329834727711	a7	a14	a33	2
13	0.596499804467806	a7	a14
12	0.596551795211836	a7	a14	a33	3
13	0.596703768155921	a7	a14
12	0.597525621840384	a7	a14	a35	0
13	0.597707589444486	a7	a14
12	0.597753581256512	a7	a14	a35	1
13	0.597911553132601	a7	a14
12	0.597957544944627	a7	a14	a35	2
13	0.598077523584694	a7	a14
12	0.598149510768735	a7	a14	a35	3
13	0.598279487628808	a7	a14
12	0.600399110270001	a7	a14	a37	0
13	0.60052108855407	a7	a14
12	0.600839031950249	a7	a14	a37	1
13	0.601013000978347	a7	a14
12	0.601208966090457	a7	a14	a37	3
13	0.601446923726591	a7	a14
12	0.602148798770986	a7	a14	a39	0
13	0.60231476922308	a7	a14
12	0.602388756051122	a7	a14	a39	1
13	0.60251073433519	a7	a14
12	0.602628713331257	a7	a14	a39	2
13	0.602708699091302	a7	a14
12	0.602754690903328	a7	a14	a39	3
13	0.602834676663373	a7	a14
12	0.616488245903059	a7	a14	a21	0
13	0.617122133051416	a7	a14
12	0.617266107419497	a7	a14	a21	3
13	0.617500065767629	a7	a14
12	0.618725847540319	a7	a14	a23	0
13	0.618891817992412	a7	a14
12	0.618975803040459	a7	a14	a23	2
13	0.619175767440572	a7	a14
12	0.619419724008709	a7	a14	a23	5
13	0.620477535685305	a7	a14
12	0.620665502221411	a7	a14	a23	9
13	0.621485356261872	a7	a14
12	0.62172931283001	a7	a14	a23	14
13	0.62201526192217	a7	a14
12	0.62302708178674	a7	a14	a23	0
13	0.623269038710876	a7	a14
12	0.623423011298963	a7	a14	a23	2
13	0.624450828315542	a7	a14
12	0.624866754267776	a7	a14	a23	6
13	0.625970557756397	a7	a14
12	0.626320495456594	a7	a14	a23	12
13	0.62759226904131	a7	a14
12	0.629141993142183	a7	a14	a25	0
13	0.629181986022205	a7	a14
12	0.629431941522346	a7	a14	a25	1
13	0.629787878154546	a7	a14
12	0.630105821550725	a7	a14	a25	5
13	0.630401768862892	a7	a14
12	0.630777701935103	a7	a14	a25	12
13	0.630891681643168	a7	a14
12	0.631297609375396	a7	a14	a25	15
13	0.631495574131507	a7	a14
12	0.634615018773264	a7	a14	a27	0
13	0.634840978545391	a7	a14
12	0.635192915889589	a7	a14	a27	2
13	0.637482508270878	a7	a14
12	0.637720465907012	a7	a14	a27	7
13	0.639846087480209	a7	a14
12	0.639972065052279	a7	a14	a27	11
13	0.641327823685043	a7	a14
12	0.645083155119157	a7	a14	a29	0
13	0.64546108783537	a7	a14
12	0.645507079647396	a7	a14	a29	1
13	0.645807026247564	a7	a14
12	0.647838664552708	a7	a14	a31	0
13	0.647970641056782	a7	a14
12	0.648018632512809	a7	a14	a31	1
13	0.669838747853093	a7	a14
12	0.66995672684916	a7	a14	a31	8
13	0.672368297514517	a7	a14
12	0.672418288614545	a7	a14	a31	9
13	0.674443927987686	a7	a14
12	0.674493919087714	a7	a14	a31	10
13	0.704632553472681	a7	a14
12	0.709867621467628	a7	a14	a33	0
13	0.710081583375748	a7	a14
12	0.710163568779795	a7	a14	a33	2
13	0.710387528907921	a7	a14
12	0.711491332396542	a7	a14	a35	0
13	0.711675299644646	a7	a14
12	0.711867265468754	a7	a14	a35	1
13	0.711993243040825	a7	a14
12	0.712121220256897	a7	a14	a35	2
13	0.712275192844983	a7	a14
12	0.714408812994184	a7	a14	a37	0
13	0.714532790922254	a7	a14
12	0.714610777038298	a7	a14	a37	1
13	0.714784746066396	a7	a14
12	0.714848734674432	a7	a14	a37	2
13	0.715046699430544	a7	a14
12	0.716182497223183	a7	a14	a39	0
13	0.716308474795254	a7	a14
12	0.71635446660728	a7	a14	a39	1
13	0.716436452011326	a7	a14
12	0.716482443823352	a7	a14	a39	2
13	0.716558430295395	a7	a14
12	0.716696405731472	a7	a14	a39	3
13	0.716778391135518	a7	a14
12	0.730647921927326	a7	a14	a21	0
13	0.731137834707602	a7	a14
12	0.731227818687653	a7	a14	a21	2
13	0.731535763863826	a7	a14
12	0.733133479420726	a7	a14	a23	0
13	0.733295450584817	a7	a14
12	0.733387434208869	a7	a14	a23	2
13	0.734307270449386	a7	a14
12	0.734427249089454	a7	a14	a23	5
13	0.735785007366218	a7	a14
12	0.735938979954305	a7	a14	a23	10
13	0.737158762794992	a7	a14
12	0.739026430292043	a7	a14	a23	0
13	0.739336375112218	a7	a14
12	0.739382366924244	a7	a14	a23	1
13	0.739708308896427	a7	a14
12	0.739862281484514	a7	a14	a23	5
13	0.741306024453327	a7	a14
12	0.741707952897553	a7	a14	a23	9
13	0.743165693374373	a7	a14
12	0.743391653146501	a7	a14	a23	13
13	0.744635431715201	a7	a14
12	0.746047180379996	a7	a14	a25	0
13	0.746103170412027	a7	a14
12	0.746341128048161	a7	a14	a25	1
13	0.747053001312562	a7	a14
12	0.747450930468786	a7	a14	a25	8
13	0.747526916940829	a7	a14
12	0.747910848589045	a7	a14	a25	12
13	0.74795484075707	a7	a14
12	0.748352769913294	a7	a14	a25	15
13	0.748472748553361	a7	a14
12	0.751168268666879	a7	a14	a27	0
13	0.751344237338978	a7	a14
12	0.751550200671094	a7	a14	a27	1
13	0.756807264750053	a7	a14
12	0.757165201026255	a7	a14	a27	14
13	0.75852495894702	a7	a14
12	0.76111849721648	a7	a14	a29	0
13	0.761292466244578	a7	a14
12	0.761342457344606	a7	a14	a29	1
13	0.761474433848681	a7	a14
12	0.761522425304708	a7	a14	a29	2
13	0.761684396468799	a7	a14
12	0.76317813053764	a7	a14	a31	0
13	0.763314106329716	a7	a14
12	0.763362097785743	a7	a14	a31	1
13	0.784740291801778	a7	a14
12	0.784870268661852	a7	a14	a31	8
13	0.7870878738591	a7	a14
12	0.787219850363174	a7	a14	a31	10
13	0.815728774887224	a7	a14
12	0.819918029069582	a7	a14	a33	0
13	0.820085999165677	a7	a14
12	0.820131990977703	a7	a14	a33	1
13	0.820267966769779	a7	a14
12	0.820353951461827	a7	a14	a33	3
13	0.820481928677899	a7	a14
12	0.821397765630415	a7	a14	a35	0
13	0.821569735014512	a7	a14
12	0.821615726826538	a7	a14	a35	1
13	0.821747703330612	a7	a14
12	0.821803693362644	a7	a14	a35	2
13	0.821915673426707	a7	a14
12	0.821961665238733	a7	a14	a35	3
13	0.822089642454805	a7	a14
12	0.824139277555959	a7	a14	a37	0
13	0.824255256908024	a7	a14
12	0.824339241956071	a7	a14	a37	1
13	0.824469218816144	a7	a14
12	0.824537206712182	a7	a14	a37	2
13	0.824637188912239	a7	a14
12	0.824777163992318	a7	a14	a37	3
13	0.824901141920387	a7	a14
12	0.825844973888919	a7	a14	a39	0
13	0.825974950748992	a7	a14
12	0.826020942561018	a7	a14	a39	1
13	0.826114925829071	a7	a14
12	0.826172915505103	a7	a14	a39	2
13	0.826250901621147	a7	a14
12	0.826296893433173	a7	a14	a39	3
13	0.826422871005244	a7	a14
12	0.839064620380361	a7	a14	a21	0
13	0.839698507528718	a7	a14
12	0.839774494000761	a7	a14	a21	2
13	0.840030448432905	a7	a14
12	0.841268228069601	a7	a14	a23	0
13	0.84147819068972	a7	a14
12	0.841584171821779	a7	a14	a23	2
13	0.841804132661903	a7	a14
12	0.842016094926022	a7	a14	a23	5
13	0.842649982074379	a7	a14
12	0.84277595964645	a7	a14	a23	8
13	0.843537824010879	a7	a14
12	0.843765783427007	a7	a14	a23	12
13	0.844559642095454	a7	a14
12	0.845993386844262	a7	a14	a23	0
13	0.846267338072416	a7	a14
12	0.846487298912539	a7	a14	a23	2
13	0.84737714049304	a7	a14
12	0.847737076413243	a7	a14	a23	6
13	0.848718901617796	a7	a14
12	0.849106832554014	a7	a14	a23	11
13	0.850222633906642	a7	a14
12	0.850456592254774	a7	a14	a23	15
13	0.85140842279931	a7	a14
12	0.852122295707712	a7	a14	a25	0
13	0.852174286451741	a7	a14
12	0.852400246223868	a7	a14	a25	1
13	0.85265220136801	a7	a14
12	0.852992140848202	a7	a14	a25	5
13	0.853334079972394	a7	a14
12	0.853766003076637	a7	a14	a25	12
13	0.853821993108669	a7	a14
12	0.853925974596727	a7	a14	a25	13
13	0.854335901616958	a7	a14
12	0.857023423154471	a7	a14	a27	0
13	0.857189393606564	a7	a14
12	0.857263380434606	a7	a14	a27	1
13	0.86224449364141	a7	a14
12	0.862424461601512	a7	a14	a27	13
13	0.863884201722333	a7	a14
12	0.866245781287663	a7	a14	a29	0
13	0.866387756011743	a7	a14
12	0.86643574746777	a7	a14	a29	1
13	0.866601717919863	a7	a14
12	0.866705699407922	a7	a14	a29	3
13	0.86693365882405	a7	a14
12	0.868153441664737	a7	a14	a31	0
13	0.868287417812812	a7	a14
12	0.868333409624838	a7	a14	a31	1
13	0.888825761348374	a7	a14
12	0.888955738208448	a7	a14	a31	8
13	0.891067362273636	a7	a14
12	0.891115353729663	a7	a14	a31	9
13	0.893061007342759	a7	a14
12	0.893154990610812	a7	a14	a31	11
13	0.909997992032294	a7	a14
12	0.910113971384359	a7	a14	a31	14
13	0.910305937208467	a7	a14
12	0.910351929020493	a7	a14	a31	15
13	0.910455910508551	a7	a14
12	0.922573753155373	a7	a14	a33	0
13	0.922747722183471	a7	a14
12	0.922883697975548	a7	a14	a33	2
13	0.923025672699628	a7	a14
12	0.924121477612245	a7	a14	a35	0
13	0.924295446640342	a7	a14
12	0.924341438452368	a7	a14	a35	1
13	0.924457417804434	a7	a14
12	0.92450340961646	a7	a14	a35	2
13	0.924619388968525	a7	a14
12	0.924665380780551	a7	a14	a35	3
13	0.92477136191261	a7	a14
12	0.926916979925818	a7	a14	a37	0
13	0.927032959277884	a7	a14
12	0.927120943613933	a7	a14	a37	1
13	0.92725691940601	a7	a14
12	0.927324907302048	a7	a14	a37	2
13	0.927414891282099	a7	a14
12	0.92754086885417	a7	a14	a37	3
13	0.927650849274231	a7	a14
12	0.928626675546781	a7	a14	a39	0
13	0.928752653118852	a7	a14
12	0.928798644930878	a7	a14	a39	1
13	0.928884629622926	a7	a14
12	0.928932621078953	a7	a14	a39	2
13	0.929018605771001	a7	a14
12	0.945753626416423	a7	a14	a21	0
13	0.946213544536681	a7	a14
12	0.946279532788719	a7	a14	a21	1
13	0.946521489712855	a7	a14
12	0.948421151513924	a7	a14	a23	0
13	0.948579123390013	a7	a14
12	0.948891067854189	a7	a14	a23	3
13	0.949742916198668	a7	a14
12	0.950006869206817	a7	a14	a23	6
13	0.951280642435534	a7	a14
12	0.951556593307689	a7	a14	a23	10
13	0.952304460164111	a7	a14
12	0.952458432752197	a7	a14	a23	13
13	0.953852184620982	a7	a14
12	0.954927993093587	a7	a14	a23	0
13	0.955237937913762	a7	a14
12	0.955331921181815	a7	a14	a23	1
13	0.955813835386086	a7	a14
12	0.955953810466165	a7	a14	a23	5
13	0.957795482591202	a7	a14
12	0.957963452687296	a7	a14	a23	9
13	0.959437190316126	a7	a14
12	0.959595162192215	a7	a14	a23	13
13	0.960976916196993	a7	a14
12	0.962220694765693	a7	a14	a25	0
13	0.962274685153723	a7	a14
12	0.962324676253752	a7	a14	a25	1
13	0.96271260718997	a7	a14
12	0.962790593306014	a7	a14	a25	3
13	0.962956563758107	a7	a14
12	0.96319252175024	a7	a14	a25	5
13	0.963604448414472	a7	a14
12	0.963794414594579	a7	a14	a25	11
13	0.96399237935069	a7	a14
12	0.964290326306858	a7	a14	a25	15
13	0.964622267211045	a7	a14
12	0.967109824348445	a7	a14	a27	0
13	0.96731378803656	a7	a14
12	0.967389774508603	a7	a14	a27	1
13	0.972120932215266	a7	a14
12	0.972248909431338	a7	a14	a27	12
13	0.972376886647411	a7	a14
12	0.972422878459436	a7	a14	a27	13
13	0.973670656316139	a7	a14
12	0.97683409312592	a7	a14	a29	0
13	0.97699406464601	a7	a14
12	0.977200027978126	a7	a14	a29	2
13	0.977861910142498	a7	a14
12	0.978537789814879	a7	a14	a31	0
13	0.978651769522943	a7	a14
12	0.978697761334969	a7	a14	a31	1
13	0.998616215230182	a7	a14
12	0.998748191734257	a7	a14	a31	8
13	1.00084781793544	a7	a14
12	1.00089580939147	a7	a14	a31	9
13	1.00269548899248	a7	a14
12	1.00281946692055	a7	a14	a31	11
13	1.01905057727769	a7	a14
12	1.01918055413776	a7	a14	a31	14
13	1.01932252886184	a7	a14
12	1.01936852067386	a7	a14	a31	15
13	1.01948849931393	a7	a14
12	1.03066250999222	a7	a14	a33	0
13	1.03084047830832	a7	a14
12	1.03088846976435	a7	a14	a33	1
13	1.03102444555643	a7	a14
12	1.03107243701245	a7	a14	a33	2
13	1.03118441707652	a7	a14
12	1.03209825438503	a7	a14	a35	0
13	1.03231221629315	a7	a14
12	1.03235820810518	a7	a14	a35	1
13	1.0325821682333	a7	a14
12	1.03267615150136	a7	a14	a35	3
13	1.03279812978543	a7	a14
12	1.0350697253707	a7	a14	a37	0
13	1.03518570472277	a7	a14
12	1.03528968621083	a7	a14	a37	1
13	1.03544365879891	a7	a14
12	1.03550164847495	a7	a14	a37	2
13	1.035593632099	a7	a14
12	1.03688740176773	a7	a14	a39	0
13	1.0370133793398	a7	a14
12	1.03706337043983	a7	a14	a39	1
13	1.03714935513187	a7	a14
12	1.03728733056795	a7	a14	a39	2
13	1.037379314192	a7	a14
12	1.05160678126001	a7	a14	a21	0
13	1.05240863850447	a7	a14
12	1.05255061322855	a7	a14	a21	3
13	1.05289455199674	a7	a14
12	1.0537184053252	a7	a14	a23	0
13	1.0538863754213	a7	a14
12	1.05393236723332	a7	a14	a23	1
13	1.05410033732942	a7	a14
12	1.05417232451346	a7	a14	a23	2
13	1.05433829496555	a7	a14
12	1.05449626684164	a7	a14	a23	4
13	1.05476021984979	a7	a14
12	1.05489819528587	a7	a14	a23	7
13	1.05551608528221	a7	a14
12	1.05583402867839	a7	a14	a23	10
13	1.05662588770284	a7	a14
12	1.05699982113105	a7	a14	a23	15
13	1.05741574708328	a7	a14
12	1.05816561358371	a7	a14	a23	0
13	1.05840357121984	a7	a14
12	1.0588694882721	a7	a14	a23	3
13	1.0599253003047	a7	a14
12	1.0602932348009	a7	a14	a23	6
13	1.06146702582956	a7	a14
12	1.06182696174977	a7	a14	a23	12
13	1.06311073319849	a7	a14
12	1.06464845943536	a7	a14	a25	0
13	1.06470644911139	a7	a14
12	1.06492840959551	a7	a14	a25	1
13	1.06522635655168	a7	a14
12	1.06548631027183	a7	a14	a25	3
13	1.06562428570791	a7	a14
12	1.06595022768009	a7	a14	a25	8
13	1.06605620881215	a7	a14
12	1.06658811411645	a7	a14	a25	13
13	1.06693405252864	a7	a14
12	1.06991552173432	a7	a14	a27	0
13	1.0700634953904	a7	a14
12	1.07030545231454	a7	a14	a27	2
13	1.07237708349971	a7	a14
12	1.0725470532398	a7	a14	a27	6
13	1.07403278873264	a7	a14
12	1.07417876274472	a7	a14	a27	8
13	1.07429274245279	a7	a14
12	1.07434673284082	a7	a14	a27	9
13	1.07653234373405	a7	a14
12	1.07938183643565	a7	a14	a29	0
13	1.07952381115973	a7	a14
12	1.07956980297176	a7	a14	a29	1
13	1.07970177947583	a7	a14
12	1.07981375953989	a7	a14	a29	3
13	1.08030567196417	a7	a14
12	1.08143347118081	a7	a14	a31	0
13	1.08154945053287	a7	a14
12	1.08166742952894	a7	a14	a31	1
13	1.10139391760004	a7	a14
12	1.10152589410412	a7	a14	a31	8
13	1.10370550606534	a7	a14
12	1.10383948221342	a7	a14	a31	10
13	1.13054472784845	a7	a14
12	1.13449202510668	a7	a14	a33	0
13	1.13465999520277	a7	a14
12	1.13473598167481	a7	a14	a33	2
13	1.13486795817889	a7	a14
12	1.13498393753095	a7	a14	a33	3
13	1.13510791545902	a7	a14
12	1.13571580723536	a7	a14	a35	0
13	1.13591377199148	a7	a14
12	1.1359597638035	a7	a14	a35	1
13	1.13607774279957	a7	a14
12	1.13612373461159	a7	a14	a35	2
13	1.13623171538765	a7	a14
12	1.13627770719968	a7	a14	a35	3
13	1.13640568441575	a7	a14
12	1.13867528035703	a7	a14	a37	0
13	1.1387952589971	a7	a14
12	1.13886924582514	a7	a14	a37	1
13	1.13901322019322	a7	a14
12	1.13905921200525	a7	a14	a37	2
13	1.1391551949173	a7	a14
12	1.13941714828145	a7	a14	a37	3
13	1.1395151308375	a7	a14
12	1.14048695782205	a7	a14	a39	0
13	1.14060293717412	a7	a14
12	1.14065092863014	a7	a14	a39	1
13	1.14073491367819	a7	a14
12	1.14078090549022	a7	a14	a39	2
13	1.14086489053826	a7	a14
12	1.14091088235029	a7	a14	a39	3
13	1.14099686704234	a7	a14
12	1.15341865557733	a7	a14	a21	0
13	1.15388857191759	a7	a14
12	1.15398855411765	a7	a14	a21	1
13	1.15421051460178	a7	a14
12	1.15586621983471	a7	a14	a23	0
13	1.1560261913548	a7	a14
12	1.15614017106286	a7	a14	a23	2
13	1.15649410805106	a7	a14
12	1.1565700945231	a7	a14	a23	4
13	1.15756391759166	a7	a14
12	1.15768189658773	a7	a14	a23	8
13	1.15841176664814	a7	a14
12	1.1585197474242	a7	a14	a23	11
13	1.15937159576868	a7	a14
12	1.15960155482881	a7	a14	a23	14
13	1.1604773989013	a7	a14
12	1.16143122908984	a7	a14	a23	0
13	1.16177916714604	a7	a14
12	1.16197113297014	a7	a14	a23	2
13	1.16353285493502	a7	a14
12	1.16389079121123	a7	a14	a23	7
13	1.16545651246411	a7	a14
12	1.1657924526563	a7	a14	a23	12
13	1.16736017355318	a7	a14
12	1.16878791936998	a7	a14	a25	0
13	1.16884790869002	a7	a14
12	1.16903187593812	a7	a14	a25	1
13	1.1693558182663	a7	a14
12	1.16972175311851	a7	a14	a25	4
13	1.16983973211457	a7	a14
12	1.17014367800275	a7	a14	a25	7
13	1.17037563670688	a7	a14
12	1.17074157155908	a7	a14	a25	13
13	1.17127747615138	a7	a14
12	1.1737850297288	a7	a14	a27	0
13	1.17392500480887	a7	a14
12	1.17401698843293	a7	a14	a27	1
13	1.1785861749755	a7	a14
12	1.17871815147957	a7	a14	a27	12
13	1.17885212762765	a7	a14
12	1.17890011908367	a7	a14	a27	13
13	1.18008790762034	a7	a14
12	1.18305138003001	a7	a14	a29	0
13	1.18319135511009	a7	a14
12	1.18329733624215	a7	a14	a29	2
13	1.18346730598225	a7	a14
12	1.18358128569031	a7	a14	a29	3
13	1.18393322303451	a7	a14
12	1.18443313403479	a7	a14	a31	0
13	1.18454511409885	a7	a14
12	1.18459110591088	a7	a14	a31	1
13	1.20266788768106	a7	a14
12	1.20278386703312	a7	a14	a31	8
13	1.20472352171421	a7	a14
12	1.20477151317024	a7	a14	a31	9
13	1.20662518315928	a7	a14
12	1.20678515467937	a7	a14	a31	11
13	1.22182047792384	a7	a14
12	1.22207043342398	a7	a14	a31	13
13	1.23937735225372	a7	a14
12	1.2412850126308	a7	a14	a33	0
13	1.2414669802349	a7	a14
12	1.24151497169092	a7	a14	a33	1
13	1.24162295246699	a7	a14
12	1.24177292576707	a7	a14	a33	3
13	1.24188690547513	a7	a14
12	1.24293471893172	a7	a14	a35	0
13	1.24311868617983	a7	a14
12	1.24316467799185	a7	a14	a35	1
13	1.24327865769992	a7	a14
12	1.24332464951194	a7	a14	a35	2
13	1.24341463349199	a7	a14
12	1.24557624865721	a7	a14	a37	0
13	1.24568822872127	a7	a14
12	1.24589819134139	a7	a14	a37	1
13	1.24601217104946	a7	a14
12	1.24606616143749	a7	a14	a37	2
13	1.24616614363754	a7	a14
12	1.24627612405761	a7	a14	a37	3
13	1.24637210696966	a7	a14
12	1.2471519681301	a7	a14	a39	0
13	1.24724995068615	a7	a14
12	1.24729594249818	a7	a14	a39	1
13	1.24738392683423	a7	a14
12	1.24743191829026	a7	a14	a39	2
13	1.2475139036943	a7	a14
12	1.24764987948638	a7	a14	a39	3
13	1.24776585883844	a7	a14
12	1.26006566908937	a7	a14	a21	0
13	1.2604855943296	a7	a14
12	1.26064556584969	a7	a14	a21	2
13	1.26088952241783	a7	a14
12	1.26223528283059	a7	a14	a23	0
13	1.26237925719867	a7	a14
12	1.2624252490107	a7	a14	a23	1
13	1.26259121946279	a7	a14
12	1.2627891842189	a7	a14	a23	4
13	1.26316111800311	a7	a14
12	1.26324510305116	a7	a14	a23	5
13	1.26366102900339	a7	a14
12	1.26379100586347	a7	a14	a23	9
13	1.2643809008438	a7	a14
12	1.26450287912787	a7	a14	a23	13
13	1.26536272604835	a7	a14
12	1.26670848646111	a7	a14	a23	0
13	1.26698243768926	a7	a14
12	1.26710841526133	a7	a14	a23	2
13	1.26805224722986	a7	a14
12	1.26817422551393	a7	a14	a23	5
13	1.26938800942262	a7	a14
12	1.26951998592669	a7	a14	a23	10
13	1.27059179511129	a7	a14
12	1.27075176663138	a7	a14	a23	14
13	1.27177158507196	a7	a14
12	1.27281739888455	a7	a14	a25	0
13	1.27288738642459	a7	a14
12	1.27293337823661	a7	a14	a25	1
13	1.27318933266876	a7	a14
12	1.27325732056479	a7	a14	a25	2
13	1.27340129493288	a7	a14
12	1.27353327143695	a7	a14	a25	3
13	1.273629254349	a7	a14
12	1.27387321091714	a7	a14	a25	7
13	1.27417515716131	a7	a14
12	1.27443311123746	a7	a14	a25	12
13	1.27449709984549	a7	a14
12	1.27459908168955	a7	a14	a25	14
13	1.27495701796575	a7	a14
12	1.27787449856339	a7	a14	a27	0
13	1.27803646972749	a7	a14
12	1.27817044587556	a7	a14	a27	3
13	1.27979215716047	a7	a14
12	1.27996812583257	a7	a14	a27	6
13	1.2814378641734	a7	a14
12	1.28155184388146	a7	a14	a27	10
13	1.28346150390254	a7	a14
12	1.28677891330041	a7	a14	a29	0
13	1.28692088802449	a7	a14
12	1.28702486951255	a7	a14	a29	1
13	1.28715284672862	a7	a14
12	1.2872968210967	a7	a14	a29	2
13	1.28750078478481	a7	a14
12	1.2888985359416	a7	a14	a31	0
13	1.28901651493767	a7	a14
12	1.28906450639369	a7	a14	a31	1
13	1.30679335010767	a7	a14
12	1.30692132732375	a7	a14	a31	8
13	1.30887497951285	a7	a14
12	1.30892297096887	a7	a14	a31	9
13	1.31064666409784	a7	a14
12	1.31069665519787	a7	a14	a31	10
13	1.3359681560841	a7	a14
12	1.3407713009748	a7	a14	a33	0
13	1.34091727498688	a7	a14
12	1.34100525932293	a7	a14	a33	2
13	1.341117239387	a7	a14
12	1.34116323119902	a7	a14	a33	3
13	1.34125721446708	a7	a14
12	1.34186910553142	a7	a14	a35	0
13	1.3420110802555	a7	a14
12	1.34205907171153	a7	a14	a35	1
13	1.34215905391158	a7	a14
12	1.34220504572361	a7	a14	a35	2
13	1.34229502970366	a7	a14
12	1.34234102151569	a7	a14	a35	3
13	1.34244100371574	a7	a14
12	1.34466260820099	a7	a14	a37	0
13	1.34479058541706	a7	a14
12	1.34486457224511	a7	a14	a37	1
13	1.34497855195317	a7	a14
12	1.3450285430532	a7	a14	a37	2
13	1.34512252632125	a7	a14
12	1.3452065113693	a7	a14	a37	3
13	1.34531049285736	a7	a14
12	1.34595637786972	a7	a14	a39	0
13	1.34606835793378	a7	a14
12	1.34611434974581	a7	a14	a39	1
13	1.34619833479386	a7	a14
12	1.34624432660588	a7	a14	a39	2
13	1.34632831165393	a7	a14
12	1.34637630310996	a7	a14	a39	3
13	1.346458288514	a7	a14
12	1.35879209271295	a7	a14	a21	0
13	1.35920002008918	a7	a14
12	1.35926000940921	a7	a14	a21	1
13	1.35946997202933	a7	a14
12	1.35993188979359	a7	a14	a21	3
13	1.36017184707372	a7	a14
12	1.36125565412233	a7	a14	a23	0
13	1.36139962849042	a7	a14
12	1.36177356191863	a7	a14	a23	2
13	1.36223148039488	a7	a14
12	1.36245544052301	a7	a14	a23	5
13	1.36339527320354	a7	a14
12	1.36369721944771	a7	a14	a23	9
13	1.3645650649442	a7	a14
12	1.36488100869638	a7	a14	a23	14
13	1.36575285348087	a7	a14
12	1.36681666408946	a7	a14	a23	0
13	1.36709261496162	a7	a14
12	1.36732257402175	a7	a14	a23	2
13	1.36783648253004	a7	a14
12	1.36806644159017	a7	a14	a23	5
13	1.36931421944687	a7	a14
12	1.369536179931	a7	a14	a23	9
13	1.37115589157191	a7	a14
12	1.37128386878798	a7	a14	a23	13
13	1.37257563881271	a7	a14
12	1.37377342556938	a7	a14	a25	0
13	1.37382941560141	a7	a14
12	1.37388340598944	a7	a14	a25	1
13	1.37410736611757	a7	a14
12	1.3741533579296	a7	a14	a25	2
13	1.37422334546963	a7	a14
12	1.37427133692566	a7	a14	a25	3
13	1.3743393248217	a7	a14
12	1.37440931236174	a7	a14	a25	4
13	1.37447929990178	a7	a14
12	1.37462727355786	a7	a14	a25	5
13	1.374867230838	a7	a14
12	1.37499920734207	a7	a14	a25	9
13	1.37545912546233	a7	a14
12	1.37562309627042	a7	a14	a25	14
13	1.37589304821057	a7	a14
12	1.3782526281319	a7	a14	a27	0
13	1.37841060000799	a7	a14
12	1.37848858612404	a7	a14	a27	1
13	1.38293579438254	a7	a14
12	1.38311376269864	a7	a14	a27	12
13	1.38325973671072	a7	a14
12	1.38333572318276	a7	a14	a27	13
13	1.38451751278743	a7	a14
12	1.38745498982508	a7	a14	a29	0
13	1.38759296526116	a7	a14
12	1.38777093357726	a7	a14	a29	2
13	1.38813086949746	a7	a14
12	1.38936664949016	a7	a14	a31	0
13	1.38946063275821	a7	a14
12	1.38950662457024	a7	a14	a31	1
13	1.40628763702769	a7	a14
12	1.40640761566775	a7	a14	a31	8
13	1.40829327996081	a7	a14
12	1.40834127141684	a7	a14	a31	9
13	1.4100369695298	a7	a14
12	1.41008696062982	a7	a14	a31	10
13	1.43325883531487	a7	a14
12	1.44084348501114	a7	a14	a33	0
13	1.44098146044722	a7	a14
12	1.44107344407127	a7	a14	a33	1
13	1.44119942164334	a7	a14
12	1.44229122726795	a7	a14	a35	0
13	1.44240520697602	a7	a14
12	1.44245719772005	a7	a14	a35	1
13	1.4425511809881	a7	a14
12	1.44259917244413	a7	a14	a35	2
13	1.44269115606818	a7	a14
12	1.44278513933623	a7	a14	a35	3
13	1.44287912260428	a7	a14
12	1.44451683104121	a7	a14	a37	0
13	1.44465080718928	a7	a14
12	1.44472079472932	a7	a14	a37	1
13	1.44483077514938	a7	a14
12	1.44488676518142	a7	a14	a37	2
13	1.44502474061749	a7	a14
12	1.44507073242952	a7	a14	a37	3
13	1.44518271249358	a7	a14
12	1.44602056333005	a7	a14	a39	0
13	1.44612254517411	a7	a14
12	1.44617653556214	a7	a14	a39	1
13	1.44626651954219	a7	a14
12	1.44631251135422	a7	a14	a39	2
13	1.44639849604627	a7	a14
12	1.44644448785829	a7	a14	a39	3
13	1.44652647326234	a7	a14
12	1.45449105531882	a7	a14	a33	0
13	1.4546230318229	a7	a14
12	1.45466902363492	a7	a14	a33	1
13	1.45476900583498	a7	a14
12	1.45494497450708	a7	a14	a33	2
13	1.45507495136715	a7	a14
12	1.45610276838373	a7	a14	a35	0
13	1.45620475022779	a7	a14
12	1.4564087139159	a7	a14	a35	1
13	1.45648869967595	a7	a14
12	1.45653469148797	a7	a14	a35	2
13	1.45661667689202	a7	a14
12	1.4587083045172	a7	a14	a37	0
13	1.45882428386926	a7	a14
12	1.45890426962931	a7	a14	a37	1
13	1.45904424470939	a7	a14
12	1.45911623189343	a7	a14	a37	3
13	1.45922821195749	a7	a14
12	1.46001407204993	a7	a14	a39	0
13	1.460128051758	a7	a14
12	1.46017404357002	a7	a14	a39	1
13	1.46026002826207	a7	a14
12	1.4603160182941	a7	a14	a39	2
13	1.46040400263015	a7	a14
12	1.4604939866102	a7	a14	a39	3
13	1.46058597023425	a7	a14
12	0.298820800596225	a7	a15	a21	1
13	0.300120569196956	a7	a15
12	0.305245656771841	a7	a15	a23	2
13	0.306405450292494	a7	a15
12	0.306583418608595	a7	a15	a23	7
13	0.307455263393085	a7	a15
12	0.307687222097216	a7	a15	a23	11
13	0.308485080053665	a7	a15
12	0.308637052997751	a7	a15	a23	15
13	0.308974992833941	a7	a15
12	0.31162052184743	a7	a15	a23	3
13	0.31284630362012	a7	a15
12	0.313030270868224	a7	a15	a23	7
13	0.31398210141276	a7	a15
12	0.314192064032878	a7	a15	a23	11
13	0.315115899561398	a7	a15
12	0.315307865385506	a7	a15	a23	15
13	0.316619631850245	a7	a15
12	0.318319329251201	a7	a15	a25	4
13	0.318501296855304	a7	a15
12	0.318755251643447	a7	a15	a25	6
13	0.319043200379609	a7	a15
12	0.319237165847718	a7	a15	a25	11
13	0.3195611081759	a7	a15
12	0.326769824799959	a7	a15	a27	3
13	0.331722942990747	a7	a15
12	0.331878915222835	a7	a15	a27	8
13	0.332050884606932	a7	a15
12	0.332092877130955	a7	a15	a27	9
13	0.334246493720168	a7	a15
12	0.340285418603567	a7	a15	a29	1
13	0.342045105324558	a7	a15
12	0.344564656765977	a7	a15	a31	3
13	0.389152718703078	a7	a15
12	0.389296693071159	a7	a15	a31	12
13	0.404192041235544	a7	a15
12	0.452399458814683	a7	a15	a33	1
13	0.453385283307238	a7	a15
12	0.455042988184172	a7	a15	a35	3
13	0.455464913068409	a7	a15
12	0.45807844777788	a7	a15	a37	1
13	0.458482375866108	a7	a15
12	0.460008104238967	a7	a15	a39	1
13	0.46047602093523	a7	a15
12	0.483257965040056	a7	a15	a23	2
13	0.484105814096533	a7	a15
12	0.484267785260624	a7	a15	a23	7
13	0.484703707652869	a7	a15
12	0.484951663509009	a7	a15	a23	11
13	0.485583551013365	a7	a15
12	0.48578751470148	a7	a15	a23	14
13	0.486655360197968	a7	a15
12	0.488483034814997	a7	a15	a23	4
13	0.489986767103844	a7	a15
12	0.49015873648794	a7	a15	a23	8
13	0.490818619008312	a7	a15
12	0.490978590528402	a7	a15	a23	11
13	0.492186375505082	a7	a15
12	0.492344347381171	a7	a15	a23	15
13	0.493168200709635	a7	a15
12	0.494683930862488	a7	a15	a25	3
13	0.495133850762741	a7	a15
12	0.495381806618881	a7	a15	a25	7
13	0.495597768171002	a7	a15
12	0.495897714771171	a7	a15	a25	12
13	0.495987698751222	a7	a15
12	0.496225656387356	a7	a15	a25	14
13	0.496663578423602	a7	a15
12	0.500464901669742	a7	a15	a27	2
13	0.502160599782697	a7	a15
12	0.502324570590789	a7	a15	a27	6
13	0.503636337055528	a7	a15
12	0.503760314983598	a7	a15	a27	8
13	0.503874294691662	a7	a15
12	0.503916287215685	a7	a15	a27	9
13	0.505915931216811	a7	a15
12	0.506045908076884	a7	a15	a27	13
13	0.507257692341566	a7	a15
12	0.512410774932467	a7	a15	a29	3
13	0.513254624700942	a7	a15
12	0.514704366601759	a7	a15	a31	2
13	0.549586156557396	a7	a15
12	0.54973612985748	a7	a15	a31	11
13	0.564023586245523	a7	a15
12	0.600881024474273	a7	a15	a37	2
13	0.601366937966546	a7	a15
12	0.619259752488619	a7	a15	a23	4
13	0.620015617921045	a7	a15
12	0.620173589797134	a7	a15	a23	8
13	0.620585516461366	a7	a15
12	0.620843470537511	a7	a15	a23	12
13	0.621581339173926	a7	a15
12	0.621821296454061	a7	a15	a23	15
13	0.622223224898288	a7	a15
12	0.623676966087106	a7	a15	a23	4
13	0.625124708343921	a7	a15
12	0.625262683779999	a7	a15	a23	8
13	0.625896570928355	a7	a15
12	0.625974557044399	a7	a15	a23	9
13	0.626714425324816	a7	a15
12	0.626872397200905	a7	a15	a23	13
13	0.627976200689526	a7	a15
12	0.629533923366403	a7	a15	a25	2
13	0.629995841130663	a7	a15
12	0.630277790934822	a7	a15	a25	7
13	0.630519747858958	a7	a15
12	0.630679719379048	a7	a15	a25	11
13	0.631003661707231	a7	a15
12	0.631173631447326	a7	a15	a25	14
13	0.631631549923584	a7	a15
12	0.63542487459372	a7	a15	a27	4
13	0.635624838993832	a7	a15
12	0.635666831517856	a7	a15	a27	5
13	0.638852264411649	a7	a15
12	0.639016235219741	a7	a15	a27	9
13	0.640803916956748	a7	a15
12	0.640965888120839	a7	a15	a27	13
13	0.641981707273411	a7	a15
12	0.64563905615147	a7	a15	a29	2
13	0.646230950775803	a7	a15
12	0.648828488333265	a7	a15	a31	4
13	0.649194423185471	a7	a15
12	0.649236415709495	a7	a15	a31	5
13	0.651314045826665	a7	a15
12	0.651370035858696	a7	a15	a31	6
13	0.654287516456339	a7	a15
12	0.654329508980362	a7	a15	a31	7
13	0.679956946498789	a7	a15
12	0.680086923358863	a7	a15	a31	12
13	0.692184769565673	a7	a15
12	0.692326744289753	a7	a15	a31	14
13	0.692486715809843	a7	a15
12	0.692528708333867	a7	a15	a31	15
13	0.692652686261937	a7	a15
12	0.712305187505	a7	a15	a35	3
13	0.71267712128921	a7	a15
12	0.731539763151829	a7	a15	a21	3
13	0.73193369302005	a7	a15
12	0.733539407152954	a7	a15	a23	3
13	0.734635212065571	a7	a15
12	0.734765188925644	a7	a15	a23	7
13	0.735727017690186	a7	a15
12	0.73584099739825	a7	a15	a23	9
13	0.736400897718565	a7	a15
12	0.736534873866641	a7	a15	a23	13
13	0.737926626091424	a7	a15
12	0.739484348768301	a7	a15	a23	2
13	0.741142053645234	a7	a15
12	0.741286028013315	a7	a15	a23	6
13	0.742183868169821	a7	a15
12	0.742307846097891	a7	a15	a23	10
13	0.744141519646923	a7	a15
12	0.744333485471031	a7	a15	a23	15
13	0.745165337375499	a7	a15
12	0.746741056848386	a7	a15	a25	3
13	0.747076997040575	a7	a15
12	0.74724496713667	a7	a15	a25	7
13	0.747526916940829	a7	a15
12	0.747814865676991	a7	a15	a25	11
13	0.748034826517115	a7	a15
12	0.748184799817199	a7	a15	a25	14
13	0.748618722565443	a7	a15
12	0.752350058271544	a7	a15	a27	4
13	0.75252002801164	a7	a15
12	0.752562020535663	a7	a15	a27	5
13	0.754951595117008	a7	a15
12	0.755083571621083	a7	a15	a27	8
13	0.755195551685146	a7	a15
12	0.755237544209169	a7	a15	a27	9
13	0.756673288601978	a7	a15
12	0.756857255850081	a7	a15	a27	12
13	0.75697923413415	a7	a15
12	0.757117209570228	a7	a15	a27	13
13	0.75793906325469	a7	a15
12	0.761624407148765	a7	a15	a29	3
13	0.761994341288973	a7	a15
12	0.763600055421877	a7	a15	a31	2
13	0.806294454489913	a7	a15
12	0.806462424586007	a7	a15	a31	14
13	0.806652390766114	a7	a15
12	0.806694383290138	a7	a15	a31	15
13	0.806798364778196	a7	a15
12	0.820273965701782	a7	a15	a33	2
13	0.820667895570004	a7	a15
12	0.839956461604863	a7	a15	a21	3
13	0.840390384353107	a7	a15
12	0.841988099910007	a7	a15	a23	4
13	0.842867943270502	a7	a15
12	0.843019916214587	a7	a15	a23	9
13	0.843785779867019	a7	a15
12	0.843985744267131	a7	a15	a23	13
13	0.844739610055556	a7	a15
12	0.846155358008353	a7	a15	a23	1
13	0.847489120557104	a7	a15
12	0.847673087805207	a7	a15	a23	5
13	0.848694905889782	a7	a15
12	0.848924864949912	a7	a15	a23	9
13	0.850034667370537	a7	a15
12	0.850166643874611	a7	a15	a23	14
13	0.851258449499225	a7	a15
12	0.852682196028027	a7	a15	a25	3
13	0.852852165768123	a7	a15
12	0.85300813800021	a7	a15	a25	6
13	0.85313211592828	a7	a15
12	0.853332080328393	a7	a15	a25	9
13	0.854003960712771	a7	a15
12	0.854191927248877	a7	a15	a25	15
13	0.854381893428984	a7	a15
12	0.858295196739187	a7	a15	a27	4
13	0.858515157579311	a7	a15
12	0.858557150103334	a7	a15	a27	5
13	0.860496804784426	a7	a15
12	0.860658775948517	a7	a15	a27	8
13	0.860766756724578	a7	a15
12	0.860810748892603	a7	a15	a27	9
13	0.861954545261247	a7	a15
12	0.862050528173301	a7	a15	a27	11
13	0.863530264734134	a7	a15
12	0.868501379720933	a7	a15	a31	2
13	0.90407704614496	a7	a15
12	0.904239017309052	a7	a15	a31	13
13	0.920654094914293	a7	a15
12	0.929072596159032	a7	a15	a39	3
13	0.929616499327338	a7	a15
12	0.946737451264976	a7	a15	a21	3
13	0.947385335921341	a7	a15
12	0.948767089926119	a7	a15	a23	2
13	0.950178838590914	a7	a15
12	0.950368804771021	a7	a15	a23	7
13	0.951852540619856	a7	a15
12	0.951986516767932	a7	a15	a23	12
13	0.953224296404628	a7	a15
12	0.955737848914043	a7	a15	a23	4
13	0.957133600426829	a7	a15
12	0.957327565894938	a7	a15	a23	8
13	0.958541349803622	a7	a15
12	0.958669327019694	a7	a15	a23	11
13	0.960249045780583	a7	a15
12	0.960379022640656	a7	a15	a23	15
13	0.961472827909272	a7	a15
12	0.962894574794072	a7	a15	a25	4
13	0.96305054702616	a7	a15
12	0.963266508578282	a7	a15	a25	7
13	0.963606448058473	a7	a15
12	0.96388439857463	a7	a15	a25	12
13	0.964004377214697	a7	a15
12	0.964194343394804	a7	a15	a25	14
13	0.964486291418968	a7	a15
12	0.968185632821051	a7	a15	a27	3
13	0.969731357633921	a7	a15
12	0.969875332002002	a7	a15	a27	7
13	0.97180698810709	a7	a15
12	0.971942963899166	a7	a15	a27	11
13	0.973058765251794	a7	a15
12	0.973250731075902	a7	a15	a27	14
13	0.974350535276522	a7	a15
12	0.977216025130135	a7	a15	a29	3
13	0.977769926518447	a7	a15
12	0.979211669843258	a7	a15	a31	3
13	1.00196761857607	a7	a15
12	1.00211759187615	a7	a15	a31	10
13	1.02556741707735	a7	a15
12	1.03266015434935	a7	a15	a35	2
13	1.03312207211361	a7	a15
12	1.03574960433109	a7	a15	a37	3
13	1.03609554274328	a7	a15
12	1.05232265381242	a7	a15	a21	2
13	1.05269858688463	a7	a15
12	1.05463224263372	a7	a15	a23	6
13	1.05577004007036	a7	a15
12	1.05589001871043	a7	a15	a23	11
13	1.05676986207092	a7	a15
12	1.056907837507	a7	a15	a23	14
13	1.05721178339517	a7	a15
12	1.05894747438815	a7	a15	a23	4
13	1.06036922127295	a7	a15
12	1.06060717890908	a7	a15	a23	8
13	1.06138104113752	a7	a15
12	1.06149902013358	a7	a15	a23	10
13	1.06263081863822	a7	a15
12	1.06279878873431	a7	a15	a23	14
13	1.0638326046829	a7	a15
12	1.06558229318388	a7	a15	a25	5
13	1.06603421272814	a7	a15
12	1.06629816573628	a7	a15	a25	10
13	1.06694805003665	a7	a15
12	1.07074537399479	a7	a15	a27	3
13	1.07239707993972	a7	a15
12	1.07259504469583	a7	a15	a27	7
13	1.07432873604481	a7	a15
12	1.07462268371297	a7	a15	a27	11
13	1.07566049894956	a7	a15
12	1.07578647652163	a7	a15	a27	14
13	1.07658233483407	a7	a15
12	1.08174541564498	a7	a15	a31	2
13	1.11744505999708	a7	a15
12	1.11763302653318	a7	a15	a31	13
13	1.13242839249751	a7	a15
12	1.15404854343768	a7	a15	a21	2
13	1.15466443379003	a7	a15
12	1.1560221920668	a7	a15	a23	1
13	1.15704600979537	a7	a15
12	1.15721198024747	a7	a15	a23	6
13	1.15828578907607	a7	a15
12	1.15845775846017	a7	a15	a23	10
13	1.15986150854896	a7	a15
12	1.1624330507344	a7	a15	a23	4
13	1.16411675098335	a7	a15
12	1.16433271253547	a7	a15	a23	9
13	1.1656264822042	a7	a15
12	1.16583244553632	a7	a15	a23	13
13	1.16715221057706	a7	a15
12	1.16979973923455	a7	a15	a25	6
13	1.1700696911747	a7	a15
12	1.17039563314689	a7	a15	a25	10
13	1.17069757939106	a7	a15
12	1.17096553168721	a7	a15	a25	15
13	1.17118549252733	a7	a15
12	1.17480684781337	a7	a15	a27	4
13	1.17498081684147	a7	a15
12	1.1750288082975	a7	a15	a27	5
13	1.17756235724692	a7	a15
12	1.17773032734302	a7	a15	a27	10
13	1.17956200124805	a7	a15
12	1.18327933944614	a7	a15	a29	1
13	1.18382924154645	a7	a15
12	1.18554093681141	a7	a15	a31	3
13	1.20652520095923	a7	a15
12	1.20667517425931	a7	a15	a31	10
13	1.22921516144	a7	a15
12	1.26338307848724	a7	a15	a23	6
13	1.26416293964767	a7	a15
12	1.26435290582778	a7	a15	a23	10
13	1.26518475773225	a7	a15
12	1.26533873032034	a7	a15	a23	15
13	1.2658006480846	a7	a15
12	1.26732437681345	a7	a15	a23	3
13	1.26855615751815	a7	a15
12	1.26878611657828	a7	a15	a23	7
13	1.26995790796294	a7	a15
12	1.27008788482301	a7	a15	a23	12
13	1.27089774064347	a7	a15
12	1.27359726004499	a7	a15	a25	5
13	1.27410916890927	a7	a15
12	1.27425914220936	a7	a15	a25	10
13	1.27481704288567	a7	a15
12	1.27496701618576	a7	a15	a25	15
13	1.27513098699385	a7	a15
12	1.27878833587191	a7	a15	a27	4
13	1.27899029991602	a7	a15
12	1.27903229244005	a7	a15	a27	5
13	1.28082397346505	a7	a15
12	1.28097794605314	a7	a15	a27	8
13	1.2810879264732	a7	a15
12	1.28112991899723	a7	a15	a27	9
13	1.28251767193401	a7	a15
12	1.28264764879408	a7	a15	a27	12
13	1.28275562957014	a7	a15
12	1.28279762209417	a7	a15	a27	13
13	1.28359148076261	a7	a15
12	1.28734481255273	a7	a15	a29	3
13	1.28775074028495	a7	a15
12	1.28917848610176	a7	a15	a31	2
13	1.32440221518159	a7	a15
12	1.32456818563368	a7	a15	a31	13
13	1.33889363525775	a7	a15
12	1.35968193429345	a7	a15	a21	2
13	1.36015584992172	a7	a15
12	1.36192153557471	a7	a15	a23	4
13	1.36313531948339	a7	a15
12	1.36326329669946	a7	a15	a23	8
13	1.36389118491582	a7	a15
12	1.36408715002793	a7	a15	a23	11
13	1.36516095885653	a7	a15
12	1.36763451848593	a7	a15	a23	4
13	1.36885230168261	a7	a15
12	1.3690162724907	a7	a15	a23	7
13	1.37051200620355	a7	a15
12	1.37064198306362	a7	a15	a23	12
13	1.37224769719652	a7	a15
12	1.37485123368599	a7	a15	a25	8
13	1.37495121588604	a7	a15
12	1.37527515821423	a7	a15	a25	11
13	1.37562109662642	a7	a15
12	1.37584105746655	a7	a15	a25	15
13	1.37606501759467	a7	a15
12	1.37891451029628	a7	a15	a27	2
13	1.38089815714539	a7	a15
12	1.38103013364947	a7	a15	a27	7
13	1.38280781716647	a7	a15
12	1.38296778868656	a7	a15	a27	11
13	1.38389762314708	a7	a15
12	1.38409358825919	a7	a15	a27	15
13	1.38501142485571	a7	a15
12	1.38763895707319	a7	a15	a29	1
13	1.38833883247358	a7	a15
12	1.38990855301446	a7	a15	a31	3
13	1.41068485418616	a7	a15
12	1.41080883211423	a7	a15	a31	11
13	1.42524426215836	a7	a15
12	1.42536424079842	a7	a15	a31	13
13	1.43842791505778	a7	a15
12	1.44124941274337	a7	a15	a33	2
13	1.44154935934354	a7	a15
12	0.298846795968239	a7	a16	a21	2
13	0.300174559584987	a7	a16
12	0.305375633631915	a7	a16	a23	3
13	0.3064154485125	a7	a16
12	0.306645407572629	a7	a16	a23	8
13	0.307571242745151	a7	a16
12	0.307823197889293	a7	a16	a23	12
13	0.308597060117728	a7	a16
12	0.311234590555213	a7	a16	a23	1
13	0.31256235417196	a7	a16
12	0.312760318928072	a7	a16	a23	5
13	0.313392206432428	a7	a16
12	0.313568175104527	a7	a16	a23	9
13	0.314767961505202	a7	a16
12	0.315135896001409	a7	a16	a23	14
13	0.316561642174212	a7	a16
12	0.318183353459125	a7	a16	a25	3
13	0.318585281903351	a7	a16
12	0.318817240607482	a7	a16	a25	7
13	0.319101190055642	a7	a16
12	0.319343146979778	a7	a16	a25	12
13	0.319459126331843	a7	a16
12	0.319539112091888	a7	a16	a25	13
13	0.319847057268062	a7	a16
12	0.326997784216087	a7	a16	a27	4
13	0.327697659616481	a7	a16
12	0.327739652140505	a7	a16	a27	5
13	0.332610784927247	a7	a16
12	0.332788753243347	a7	a16	a27	10
13	0.333846564919943	a7	a16
12	0.334066525760067	a7	a16	a27	14
13	0.335022355592605	a7	a16
12	0.341077277628013	a7	a16	a29	3
13	0.342293061180698	a7	a16
12	0.343848784213574	a7	a16	a31	1
13	0.371069938000898	a7	a16
12	0.371249905960999	a7	a16	a31	8
13	0.387990925538424	a7	a16
12	0.388144898126511	a7	a16	a31	11
13	0.426024154439835	a7	a16
12	0.480542448486527	a7	a16	a21	2
13	0.481026362334799	a7	a16
12	0.483707884940309	a7	a16	a23	5
13	0.484593727232807	a7	a16
12	0.484839683444946	a7	a16	a23	9
13	0.485541558489341	a7	a16
12	0.485751521109459	a7	a16	a23	13
13	0.486603369453939	a7	a16
12	0.488333061514913	a7	a16	a23	2
13	0.489866788463776	a7	a16
12	0.49024672082399	a7	a16	a23	9
13	0.491606478744755	a7	a16
12	0.491800444212865	a7	a16	a23	13
13	0.492972235597524	a7	a16
12	0.494503962902387	a7	a16	a25	2
13	0.494785912706545	a7	a16
12	0.494981877818656	a7	a16	a25	4
13	0.495045866426692	a7	a16
12	0.495347812670862	a7	a16	a25	6
13	0.495503784902949	a7	a16
12	0.495865720467153	a7	a16	a25	11
13	0.496199661015341	a7	a16
12	0.501388737198262	a7	a16	a27	4
13	0.501646691274408	a7	a16
12	0.501694682730435	a7	a16	a27	5
13	0.505551996008606	a7	a16
12	0.505675973936676	a7	a16	a27	10
13	0.507153710853508	a7	a16
12	0.515046305725951	a7	a16	a31	3
13	0.53886406542336	a7	a16
12	0.539004040503438	a7	a16	a31	8
13	0.558898498670638	a7	a16
12	0.559050471614724	a7	a16	a31	13
13	0.574157782043229	a7	a16
12	0.616726203539193	a7	a16	a21	1
13	0.617444075735597	a7	a16
12	0.619121777052542	a7	a16	a23	3
13	0.619747665624894	a7	a16
12	0.619919635008991	a7	a16	a23	7
13	0.620577517885361	a7	a16
12	0.620765484421467	a7	a16	a23	11
13	0.621681321373982	a7	a16
12	0.62318705330683	a7	a16	a23	1
13	0.624472824399554	a7	a16
12	0.624644793783651	a7	a16	a23	5
13	0.625956560248389	a7	a16
12	0.626156524648502	a7	a16	a23	10
13	0.627380306777191	a7	a16
12	0.627554275805289	a7	a16	a23	15
13	0.628364131625745	a7	a16
12	0.630021836502678	a7	a16	a25	4
13	0.630127817634738	a7	a16
12	0.630483754266938	a7	a16	a25	9
13	0.630721711903072	a7	a16
12	0.630941672743196	a7	a16	a25	13
13	0.631163633227321	a7	a16
12	0.635164920873573	a7	a16	a27	1
13	0.640465977120558	a7	a16
12	0.640607951844637	a7	a16	a27	12
13	0.640823913396759	a7	a16
12	0.641063870676894	a7	a16	a27	14
13	0.642219664909545	a7	a16
12	0.645891011295612	a7	a16	a29	3
13	0.646678871032055	a7	a16
12	0.648188602252905	a7	a16	a31	2
13	0.69408043207874	a7	a16
12	0.710065586223739	a7	a16	a33	1
13	0.710477512887971	a7	a16
12	0.710719469812108	a7	a16	a33	3
13	0.710899437772209	a7	a16
12	0.733351440616848	a7	a16	a23	1
13	0.734421250157451	a7	a16
12	0.734589220253545	a7	a16	a23	6
13	0.735934980666303	a7	a16
12	0.736132945422414	a7	a16	a23	12
13	0.736938801954868	a7	a16
12	0.737136766710979	a7	a16	a23	14
13	0.738028607935482	a7	a16
12	0.739634322068385	a7	a16	a23	3
13	0.741262032285302	a7	a16
12	0.741531984225454	a7	a16	a23	7
13	0.742749767422139	a7	a16
12	0.742917737518234	a7	a16	a23	12
13	0.744201508966957	a7	a16
12	0.746999010924531	a7	a16	a25	5
13	0.747494922636811	a7	a16
12	0.747778872084971	a7	a16	a25	10
13	0.748338772405286	a7	a16
12	0.752162091735438	a7	a16	a27	3
13	0.753601835416249	a7	a16
12	0.753747809428331	a7	a16	a27	6
13	0.755277537089192	a7	a16
12	0.755425510745275	a7	a16	a27	10
13	0.757293178242327	a7	a16
12	0.757427154390402	a7	a16	a27	15
13	0.758245008786863	a7	a16
12	0.763656045453909	a7	a16	a31	3
13	0.785670126262302	a7	a16
12	0.785808101698379	a7	a16	a31	9
13	0.787741757447468	a7	a16
12	0.787873733951542	a7	a16	a31	11
13	0.802869064315984	a7	a16
12	0.803009039396063	a7	a16	a31	13
13	0.817990372252497	a7	a16
12	0.84165615900582	a7	a16	a23	3
13	0.842166068226107	a7	a16
12	0.842336037966202	a7	a16	a23	7
13	0.843331860678763	a7	a16
12	0.843477834690845	a7	a16	a23	11
13	0.844037735011161	a7	a16
12	0.84424969727528	a7	a16	a23	15
13	0.844973568403687	a7	a16
12	0.84678924515671	a7	a16	a23	3
13	0.847721079261234	a7	a16
12	0.847879051137323	a7	a16	a23	7
13	0.849004850709957	a7	a16
12	0.849220812262078	a7	a16	a23	12
13	0.850570571962838	a7	a16
12	0.853214101332326	a7	a16	a25	8
13	0.853324081752388	a7	a16
12	0.853482053628477	a7	a16	a25	10
13	0.85400196106877	a7	a16
12	0.85812322735509	a7	a16	a27	2
13	0.860078879188191	a7	a16
12	0.86025484786029	a7	a16	a27	7
13	0.862158508949362	a7	a16
12	0.862284486521433	a7	a16	a27	12
13	0.862400465873498	a7	a16
12	0.86261642742562	a7	a16	a27	14
13	0.863590254054168	a7	a16
12	0.869135266869289	a7	a16	a31	4
13	0.869557191753527	a7	a16
12	0.869599184277551	a7	a16	a31	5
13	0.871580831482666	a7	a16
12	0.871620824362689	a7	a16	a31	6
13	0.874222361208153	a7	a16
12	0.87427035266418	a7	a16	a31	7
13	0.899285899118263	a7	a16
12	0.899415875978336	a7	a16	a31	12
13	0.911773675905293	a7	a16
12	0.92274572253947	a7	a16	a33	1
13	0.923019673767624	a7	a16
12	0.923165647779706	a7	a16	a33	3
13	0.923285626419774	a7	a16
12	0.949494960342529	a7	a16	a23	4
13	0.950744737843232	a7	a16
12	0.950860717195298	a7	a16	a23	8
13	0.951606584407718	a7	a16
12	0.951724563403784	a7	a16	a23	11
13	0.952980339836491	a7	a16
12	0.953118315272569	a7	a16	a23	15
13	0.954198123033177	a7	a16
12	0.955617870273976	a7	a16	a23	3
13	0.956991625702749	a7	a16
12	0.957177592594854	a7	a16	a23	6
13	0.958757311355743	a7	a16
12	0.958957275755856	a7	a16	a23	12
13	0.960407017656672	a7	a16
12	0.963402484370358	a7	a16	a25	8
13	0.963532461230431	a7	a16
12	0.963716428478535	a7	a16	a25	10
13	0.964182345530797	a7	a16
12	0.96800566486095	a7	a16	a27	2
13	0.969499398929791	a7	a16
12	0.969669368669886	a7	a16	a27	6
13	0.970887151866572	a7	a16
12	0.971021128014647	a7	a16	a27	8
13	0.971177100246735	a7	a16
12	0.971219092770759	a7	a16	a27	9
13	0.973348713631958	a7	a16
12	0.976980067138002	a7	a16	a29	1
13	0.977673943606392	a7	a16
12	0.97942763139538	a7	a16	a31	4
13	0.97972957763955	a7	a16
12	0.979809563399595	a7	a16	a31	5
13	0.981571249764587	a7	a16
12	0.981621240864615	a7	a16	a31	6
13	0.983580891985718	a7	a16
12	0.983622884509742	a7	a16	a31	7
13	1.0039692622212	a7	a16
12	1.00411123694528	a7	a16	a31	12
13	1.01456537578316	a7	a16
12	1.01461136759519	a7	a16	a31	13
13	1.02855688485904	a7	a16
12	1.03120241387253	a7	a16	a33	3
13	1.03142637400065	a7	a16
12	1.0546002483297	a7	a16	a23	5
13	1.0554880902662	a7	a16
12	1.05575804220635	a7	a16	a23	9
13	1.05635593576269	a7	a16
12	1.05652190621478	a7	a16	a23	13
13	1.05694383109902	a7	a16
12	1.05882949539208	a7	a16	a23	2
13	1.06009726968879	a7	a16
12	1.06032122981692	a7	a16	a23	7
13	1.06156500838562	a7	a16
12	1.06175697420973	a7	a16	a23	11
13	1.06274279870228	a7	a16
12	1.06293876381439	a7	a16	a23	15
13	1.06381060859888	a7	a16
12	1.06583824761603	a7	a16	a25	7
13	1.06613619457219	a7	a16
12	1.06636815327632	a7	a16	a25	11
13	1.0666880963165	a7	a16
12	1.06693805181664	a7	a16	a25	15
13	1.06712201906475	a7	a16
12	1.07097733269892	a7	a16	a27	4
13	1.07115730065902	a7	a16
12	1.07119929318304	a7	a16	a27	5
13	1.07433273533281	a7	a16
12	1.07456869332494	a7	a16	a27	10
13	1.07623239713388	a7	a16
12	1.07640036722997	a7	a16	a27	15
13	1.07706624868235	a7	a16
12	1.07971977627184	a7	a16	a29	2
13	1.08023168513613	a7	a16
12	1.08203936331315	a7	a16	a31	3
13	1.10278966911283	a7	a16
12	1.10292764454891	a7	a16	a31	9
13	1.10493128783803	a7	a16
12	1.10506926327411	a7	a16	a31	11
13	1.11793497277735	a7	a16
12	1.11808094678944	a7	a16	a31	14
13	1.11822492115752	a7	a16
12	1.11826491403754	a7	a16	a31	15
13	1.11839889018562	a7	a16
12	1.15683804681925	a7	a16	a23	5
13	1.15772188946775	a7	a16
12	1.15784586739582	a7	a16	a23	9
13	1.15881169544837	a7	a16
12	1.15901165984848	a7	a16	a23	13
13	1.15974952848489	a7	a16
12	1.15987350641296	a7	a16	a23	15
13	1.16059337825337	a7	a16
12	1.16210510911822	a7	a16	a23	3
13	1.16354485279903	a7	a16
12	1.16370682396312	a7	a16	a23	6
13	1.16514656764393	a7	a16
12	1.16528854236801	a7	a16	a23	11
13	1.16661830562876	a7	a16
12	1.16678627572486	a7	a16	a23	15
13	1.1679260728055	a7	a16
12	1.16960577376644	a7	a16	a25	3
13	1.16992971609463	a7	a16
12	1.1702376612708	a7	a16	a25	8
13	1.17036163919887	a7	a16
12	1.17052161071896	a7	a16	a25	11
13	1.17089154485917	a7	a16
12	1.17461488198926	a7	a16	a27	3
13	1.1757426812059	a7	a16
12	1.17586265984597	a7	a16	a27	6
13	1.17702245336662	a7	a16
12	1.17715842915869	a7	a16	a27	8
13	1.17727440851076	a7	a16
12	1.17731640103478	a7	a16	a27	9
13	1.17932004432391	a7	a16
12	1.179484015132	a7	a16	a27	14
13	1.1803698574245	a7	a16
12	1.18541895852734	a7	a16	a31	2
13	1.22811335759538	a7	a16
12	1.24162695175499	a7	a16	a33	2
13	1.24185891045912	a7	a16
12	1.26052158792162	a7	a16	a21	1
13	1.26110148468195	a7	a16
12	1.26257322266678	a7	a16	a23	2
13	1.26328109664318	a7	a16
12	1.26355104858333	a7	a16	a23	7
13	1.2642009328837	a7	a16
12	1.26445488767184	a7	a16	a23	12
13	1.26528673957631	a7	a16
12	1.26686045940519	a7	a16	a23	1
13	1.26833819632203	a7	a16
12	1.26850816606212	a7	a16	a23	6
13	1.26969395495479	a7	a16
12	1.26984792754288	a7	a16	a23	11
13	1.27081575523942	a7	a16
12	1.27101571963953	a7	a16	a23	15
13	1.27195355267606	a7	a16
12	1.2737992240891	a7	a16	a25	6
13	1.27399718884521	a7	a16
12	1.27434912618941	a7	a16	a25	11
13	1.27516098165387	a7	a16
12	1.27812645370754	a7	a16	a27	1
13	1.28336552099049	a7	a16
12	1.28353749037458	a7	a16	a27	15
13	1.28422336826697	a7	a16
12	1.29027829030238	a7	a16	a31	4
13	1.29062622835857	a7	a16
12	1.2906682208826	a7	a16	a31	5
13	1.29235991970755	a7	a16
12	1.29240191223157	a7	a16	a31	6
13	1.29460551992081	a7	a16
12	1.29464751244484	a7	a16	a31	7
13	1.31599971108886	a7	a16
12	1.31614168581294	a7	a16	a31	12
13	1.32698975451904	a7	a16
12	1.32712972959912	a7	a16	a31	14
13	1.3272757036112	a7	a16
12	1.32731769613523	a7	a16	a31	15
13	1.3274396744193	a7	a16
12	1.34097326501892	a7	a16	a33	1
13	1.34121122265505	a7	a16
12	1.36167357971857	a7	a16	a23	1
13	1.36292335721927	a7	a16
12	1.36308932767137	a7	a16	a23	7
13	1.36388918527182	a7	a16
12	1.36415313827997	a7	a16	a23	12
13	1.36503098199646	a7	a16
12	1.36518495458455	a7	a16	a23	15
13	1.365984812185	a7	a16
12	1.36748254554184	a7	a16	a23	3
13	1.36880630987058	a7	a16
12	1.36898027889868	a7	a16	a23	6
13	1.37016206850335	a7	a16
12	1.37029204536342	a7	a16	a23	10
13	1.37130186558399	a7	a16
12	1.37146583639208	a7	a16	a23	14
13	1.37282959360085	a7	a16
12	1.37484123546598	a7	a16	a25	7
13	1.37524316391021	a7	a16
12	1.37541513329431	a7	a16	a25	12
13	1.37550311763035	a7	a16
12	1.37554910944238	a7	a16	a25	13
13	1.3759350407346	a7	a16
12	1.37911047540839	a7	a16	a27	4
13	1.37929844194449	a7	a16
12	1.37934043446852	a7	a16	a27	5
13	1.38177400121789	a7	a16
12	1.38194397095798	a7	a16	a27	8
13	1.38205795066605	a7	a16
12	1.38218792752612	a7	a16	a27	10
13	1.38348569648285	a7	a16
12	1.38364766764694	a7	a16	a27	14
13	1.3844655220434	a7	a16
12	1.38982456796642	a7	a16	a31	2
13	1.42973146329688	a7	a16
12	1.44131740063941	a7	a16	a33	3
13	1.44157935400355	a7	a16
12	1.45511094495917	a7	a16	a33	3
13	1.45545288408336	a7	a16
12	0.298988770692319	a7	a17	a21	3
13	0.300206553889005	a7	a17
12	0.305719572400108	a7	a17	a23	4
13	0.306721394044672	a7	a17
12	0.306969349900812	a7	a17	a23	10
13	0.307561244525145	a7	a17
12	0.307867190057317	a7	a17	a23	13
13	0.308647051217756	a7	a17
12	0.31140655993931	a7	a17	a23	2
13	0.31243637659989	a7	a17
12	0.31277431643608	a7	a17	a23	6
13	0.313846125620683	a7	a17
12	0.314078084324814	a7	a17	a23	10
13	0.314721969693176	a7	a17
12	0.315061909173368	a7	a17	a23	13
13	0.316355678842096	a7	a17
12	0.317969391551004	a7	a17	a25	1
13	0.31852929187132	a7	a17
12	0.318835237403492	a7	a17	a25	8
13	0.318889227791522	a7	a17
12	0.319077194327628	a7	a17	a25	10
13	0.319517116007876	a7	a17
12	0.319677087527966	a7	a17	a25	14
13	0.320180997816249	a7	a17
12	0.326195926971636	a7	a17	a27	1
13	0.333556616539779	a7	a17
12	0.333686593399853	a7	a17	a27	12
13	0.333858562783949	a7	a17
12	0.334022533592042	a7	a17	a27	13
13	0.335268311804743	a7	a17
12	0.34043139261565	a7	a17	a29	2
13	0.34167517118435	a7	a17
12	0.344310701977834	a7	a17	a31	2
13	0.374357352738749	a7	a17
12	0.374499327462829	a7	a17	a31	9
13	0.377602774952576	a7	a17
12	0.377790741488682	a7	a17	a31	10
13	0.392258165836826	a7	a17
12	0.392534116708981	a7	a17	a31	14
13	0.392678091077063	a7	a17
12	0.39286805725717	a7	a17	a31	15
13	0.393004033049246	a7	a17
12	0.452615420366805	a7	a17	a33	3
13	0.453235310007154	a7	a17
12	0.454935007408111	a7	a17	a35	2
13	0.455454914848403	a7	a17
12	0.458222422145961	a7	a17	a37	2
13	0.458492374086113	a7	a17
12	0.460258059739107	a7	a17	a39	3
13	0.46070597999536	a7	a17
12	0.480248500818361	a7	a17	a21	1
13	0.480760409682649	a7	a17
12	0.483483924812183	a7	a17	a23	4
13	0.484541736488778	a7	a17
12	0.484879676324968	a7	a17	a23	10
13	0.485493567033314	a7	a17
12	0.485815509717495	a7	a17	a23	15
13	0.486563376573916	a7	a17
12	0.488355057598925	a7	a17	a23	3
13	0.489818797007749	a7	a17
12	0.489964771019831	a7	a17	a23	7
13	0.491080572372459	a7	a17
12	0.491232545316545	a7	a17	a23	12
13	0.492426332785217	a7	a17
12	0.495071861798706	a7	a17	a25	5
13	0.495439796294913	a7	a17
12	0.495563774222983	a7	a17	a25	9
13	0.495817729011126	a7	a17
12	0.495991698039224	a7	a17	a25	13
13	0.496185663507333	a7	a17
12	0.501292754286208	a7	a17	a27	3
13	0.50317841857927	a7	a17
12	0.503322392947351	a7	a17	a27	7
13	0.505851942608775	a7	a17
12	0.506005915196862	a7	a17	a27	12
13	0.506121894548927	a7	a17
12	0.506259869985005	a7	a17	a27	14
13	0.507597631821758	a7	a17
12	0.515166284366019	a7	a17	a31	4
13	0.518575677387938	a7	a17
12	0.518623668843965	a7	a17	a31	5
13	0.520855271549221	a7	a17
12	0.52090526264925	a7	a17	a31	6
13	0.536334515761936	a7	a17
12	0.536384506861964	a7	a17	a31	7
13	0.549656144097435	a7	a17
12	0.549800118465516	a7	a17	a31	12
13	0.564403518605737	a7	a17
12	0.59620385715564	a7	a17	a33	1
13	0.596599786667863	a7	a17
12	0.616844182535259	a7	a17	a21	2
13	0.617364089975552	a7	a17
12	0.618863822976396	a7	a17	a23	1
13	0.619449718668726	a7	a17
12	0.619579695528799	a7	a17	a23	6
13	0.620517528565327	a7	a17
12	0.620685498661422	a7	a17	a23	10
13	0.621443363737848	a7	a17
12	0.621589337749931	a7	a17	a23	13
13	0.621909280790111	a7	a17
12	0.623498997771006	a7	a17	a23	3
13	0.624638794851647	a7	a17
12	0.624814763523747	a7	a17	a23	7
13	0.626008550992419	a7	a17
12	0.62618851895252	a7	a17	a23	11
13	0.6272183356131	a7	a17
12	0.627384306065193	a7	a17	a23	14
13	0.628238154053674	a7	a17
12	0.629747885274524	a7	a17	a25	3
13	0.629973845046651	a7	a17
12	0.63013181692274	a7	a17	a25	6
13	0.630237798054799	a7	a17
12	0.630409767438896	a7	a17	a25	8
13	0.630471756402931	a7	a17
12	0.630613731127011	a7	a17	a25	10
13	0.631135638211305	a7	a17
12	0.635290898445644	a7	a17	a27	3
13	0.636922607950563	a7	a17
12	0.637058583742639	a7	a17	a27	6
13	0.638754281855594	a7	a17
12	0.638946247679702	a7	a17	a27	8
13	0.639096220979786	a7	a17
12	0.639236196059865	a7	a17	a27	10
13	0.641239839348993	a7	a17
12	0.641371815853067	a7	a17	a27	15
13	0.642403632157648	a7	a17
12	0.648584531765128	a7	a17	a31	3
13	0.674833858567905	a7	a17
12	0.674959836139976	a7	a17	a31	11
13	0.690863004880929	a7	a17
12	0.69100697924901	a7	a17	a31	13
13	0.707893972838517	a7	a17
12	0.715154680206604	a7	a17	a37	3
13	0.715592602242851	a7	a17
12	0.731039852151547	a7	a17	a21	1
13	0.731653742859893	a7	a17
12	0.73424328184135	a7	a17	a23	4
13	0.735005146205779	a7	a17
12	0.735151120217862	a7	a17	a23	8
13	0.735888988854277	a7	a17
12	0.736028963934356	a7	a17	a23	11
13	0.737024786646916	a7	a17
12	0.737168761014997	a7	a17	a23	15
13	0.738142587643546	a7	a17
12	0.739774297148464	a7	a17	a23	4
13	0.741360014841357	a7	a17
12	0.741575976393478	a7	a17	a23	8
13	0.742361836485921	a7	a17
12	0.742509810142004	a7	a17	a23	11
13	0.743541626446585	a7	a17
12	0.743673602950659	a7	a17	a23	14
13	0.744863391131329	a7	a17
12	0.746395118436192	a7	a17	a25	2
13	0.746703063612365	a7	a17
12	0.746927023740491	a7	a17	a25	4
13	0.746991012348527	a7	a17
12	0.747122988852601	a7	a17	a25	6
13	0.747310955388707	a7	a17
12	0.747518918364824	a7	a17	a25	9
13	0.747756876000958	a7	a17
12	0.747932844673057	a7	a17	a25	13
13	0.748216794121217	a7	a17
12	0.752114100279411	a7	a17	a27	2
13	0.75420772754859	a7	a17
12	0.754343703340666	a7	a17	a27	7
13	0.7563573448498	a7	a17
12	0.75662329750195	a7	a17	a27	11
13	0.758181020178826	a7	a17
12	0.763864008430026	a7	a17	a31	4
13	0.764233942570234	a7	a17
12	0.76427993438226	a7	a17	a31	5
13	0.766277578739385	a7	a17
12	0.766321570907409	a7	a17	a31	6
13	0.768959101344894	a7	a17
12	0.769007092800921	a7	a17	a31	7
13	0.795380397531768	a7	a17
12	0.795514373679844	a7	a17	a31	12
13	0.808204114510988	a7	a17
12	0.839230590832454	a7	a17	a21	1
13	0.839904470860834	a7	a17
12	0.841488188909725	a7	a17	a23	1
13	0.842062086738048	a7	a17
12	0.84219006395412	a7	a17	a23	6
13	0.842981922978566	a7	a17
12	0.843135895566653	a7	a17	a23	10
13	0.843885762067075	a7	a17
12	0.844035735367159	a7	a17	a23	14
13	0.844913579083654	a7	a17
12	0.846837236612737	a7	a17	a23	4
13	0.847879051137323	a7	a17
12	0.848021025861403	a7	a17	a23	8
13	0.848878873137886	a7	a17
12	0.849034845369974	a7	a17	a23	10
13	0.849888693358454	a7	a17
12	0.850060662742551	a7	a17	a23	13
13	0.851016492575089	a7	a17
12	0.852478232339912	a7	a17	a25	2
13	0.852744184992062	a7	a17
12	0.852872162208134	a7	a17	a25	4
13	0.852984142272197	a7	a17
12	0.853158111300295	a7	a17	a25	7
13	0.853458057900464	a7	a17
12	0.853592034048539	a7	a17	a25	11
13	0.853758004500633	a7	a17
12	0.853945971036739	a7	a17	a25	14
13	0.854141936148849	a7	a17
12	0.858213211335141	a7	a17	a27	3
13	0.859640957151945	a7	a17
12	0.859778932588022	a7	a17	a27	6
13	0.860938726108675	a7	a17
12	0.861082700476756	a7	a17	a27	10
13	0.86267041781365	a7	a17
12	0.862840387553746	a7	a17	a27	15
13	0.863720230914241	a7	a17
12	0.866663706883898	a7	a17	a29	2
13	0.867169616816183	a7	a17
12	0.868689346257038	a7	a17	a31	3
13	0.892209158998279	a7	a17
12	0.89233513657035	a7	a17	a31	10
13	0.918542470849104	a7	a17
12	0.946475497900829	a7	a17	a21	2
13	0.947153377217211	a7	a17
12	0.948577123746012	a7	a17	a23	1
13	0.949306993806423	a7	a17
12	0.949538952510554	a7	a17	a23	5
13	0.951092675899428	a7	a17
12	0.951186659167481	a7	a17	a23	9
13	0.952810370096395	a7	a17
12	0.952906353008449	a7	a17	a23	14
13	0.953908174653013	a7	a17
12	0.955435902669873	a7	a17	a23	2
13	0.957017621074764	a7	a17
12	0.957195589390864	a7	a17	a23	7
13	0.958295393591483	a7	a17
12	0.958427370095557	a7	a17	a23	10
13	0.959579165040206	a7	a17
12	0.959759133000307	a7	a17	a23	14
13	0.961278862441163	a7	a17
12	0.962668615021945	a7	a17	a25	2
13	0.962956563758107	a7	a17
12	0.963258510002277	a7	a17	a25	6
13	0.963368490422339	a7	a17
12	0.963642441650493	a7	a17	a25	9
13	0.963854403914613	a7	a17
12	0.964038371162716	a7	a17	a25	13
13	0.964272329510848	a7	a17
12	0.968257620005092	a7	a17	a27	4
13	0.968443586897196	a7	a17
12	0.968489578709222	a7	a17	a27	5
13	0.971569030470956	a7	a17
12	0.971731001635047	a7	a17	a27	10
13	0.973088759911811	a7	a17
12	0.973280725735919	a7	a17	a27	15
13	0.973970602916308	a7	a17
12	0.978907723955087	a7	a17	a31	2
13	1.02579137720548	a7	a17
12	1.03758327788012	a7	a17	a39	3
13	1.03802919849237	a7	a17
12	1.05179874708412	a7	a17	a21	1
13	1.05262859934459	a7	a17
12	1.05438028748958	a7	a17	a23	3
13	1.05543809916617	a7	a17
12	1.05558207353425	a7	a17	a23	8
13	1.05585602476241	a7	a17
12	1.0560159962825	a7	a17	a23	12
13	1.05682585210295	a7	a17
12	1.05870951675201	a7	a17	a23	1
13	1.06003328108076	a7	a17
12	1.06017725544884	a7	a17	a23	5
13	1.06121906997343	a7	a17
12	1.06137104291751	a7	a17	a23	9
13	1.06244085245811	a7	a17
12	1.06257882789419	a7	a17	a23	13
13	1.06356865167475	a7	a17
12	1.06503439072757	a7	a17	a25	2
13	1.06534233590375	a7	a17
12	1.06553230208385	a7	a17	a25	4
13	1.06559629069189	a7	a17
12	1.06576426078798	a7	a17	a25	6
13	1.06588423942805	a7	a17
12	1.06608020454016	a7	a17	a25	9
13	1.06638615007233	a7	a17
12	1.06652012622041	a7	a17	a25	12
13	1.06658811411645	a7	a17
12	1.06670209382451	a7	a17	a25	14
13	1.06724999628082	a7	a17
12	1.07006749467841	a7	a17	a27	1
13	1.07533255733337	a7	a17
12	1.07547253241345	a7	a17	a27	12
13	1.07560250927352	a7	a17
12	1.07565050072955	a7	a17	a27	13
13	1.07677829994618	a7	a17
12	1.08217533910522	a7	a17	a31	4
13	1.08250328072141	a7	a17
12	1.08276923337356	a7	a17	a31	5
13	1.08459090905858	a7	a17
12	1.08463690087061	a7	a17	a31	6
13	1.08717044982003	a7	a17
12	1.08721644163206	a7	a17	a31	7
13	1.11221599093413	a7	a17
12	1.11234996708221	a7	a17	a31	12
13	1.12414786668885	a7	a17
12	1.13464199840676	a7	a17	a33	1
13	1.13495994180294	a7	a17
12	1.15435848825786	a7	a17	a21	3
13	1.15483040424212	a7	a17
12	1.15637412941099	a7	a17	a23	3
13	1.15738194998756	a7	a17
12	1.15752392471164	a7	a17	a23	7
13	1.1586877175203	a7	a17
12	1.15881769438037	a7	a17	a23	12
13	1.1601214622691	a7	a17
12	1.16157320381392	a7	a17	a23	1
13	1.16255902830648	a7	a17
12	1.16270900160656	a7	a17	a23	5
13	1.16409075561134	a7	a17
12	1.16422673140341	a7	a17	a23	8
13	1.16489861178779	a7	a17
12	1.16507258081589	a7	a17	a23	10
13	1.16634635404461	a7	a17
12	1.16648632912469	a7	a17	a23	14
13	1.16774210555739	a7	a17
12	1.16926583428625	a7	a17	a25	2
13	1.16953978551441	a7	a17
12	1.1697137545425	a7	a17	a25	5
13	1.17009768619072	a7	a17
12	1.17033564382685	a7	a17	a25	9
13	1.17051361214295	a7	a17
12	1.17064758829103	a7	a17	a25	12
13	1.17071157689907	a7	a17
12	1.17090754201118	a7	a17	a25	14
13	1.17136546048743	a7	a17
12	1.17411697063298	a7	a17	a27	2
13	1.17602663065406	a7	a17
12	1.17616060680213	a7	a17	a27	7
13	1.17796228604715	a7	a17
12	1.17810626041523	a7	a17	a27	11
13	1.17955200302804	a7	a17
12	1.17970797526013	a7	a17	a27	15
13	1.1803598592045	a7	a17
12	1.18564891758747	a7	a17	a31	4
13	1.18597485955966	a7	a17
12	1.18602285101568	a7	a17	a31	5
13	1.18775254307666	a7	a17
12	1.18779853488868	a7	a17	a31	6
13	1.18999214435792	a7	a17
12	1.19003613652594	a7	a17	a31	7
13	1.21205221697834	a7	a17
12	1.21218019419441	a7	a17	a31	12
13	1.2226343330323	a7	a17
12	1.22275831096037	a7	a17	a31	14
13	1.22289028746444	a7	a17
12	1.22294027856447	a7	a17	a31	15
13	1.22304625969653	a7	a17
12	1.24355260892807	a7	a17	a35	3
13	1.24393454093229	a7	a17
12	1.26085552846981	a7	a17	a21	3
13	1.26123146154202	a7	a17
12	1.26275918955888	a7	a17	a23	3
13	1.2634910592633	a7	a17
12	1.26362703505537	a7	a17	a23	8
13	1.26422892789971	a7	a17
12	1.2643829004878	a7	a17	a23	11
13	1.26515476307223	a7	a17
12	1.26529873744031	a7	a17	a23	14
13	1.26582064452461	a7	a17
12	1.26748234868954	a7	a17	a23	4
13	1.26862814470219	a7	a17
12	1.2688181108823	a7	a17	a23	8
13	1.26931402259457	a7	a17
12	1.2693600144066	a7	a17	a23	9
13	1.27044382145521	a7	a17
12	1.27062178977131	a7	a17	a23	13
13	1.27171759468393	a7	a17
12	1.27359126111298	a7	a17	a25	4
13	1.27374323405707	a7	a17
12	1.27390120593316	a7	a17	a25	8
13	1.27395919560919	a7	a17
12	1.27401918492922	a7	a17	a25	9
13	1.27430913330939	a7	a17
12	1.27445510732147	a7	a17	a25	13
13	1.27489502900172	a7	a17
12	1.27813445228354	a7	a17	a27	2
13	1.27994812939256	a7	a17
12	1.28008610482864	a7	a17	a27	7
13	1.28181179760161	a7	a17
12	1.28193777517368	a7	a17	a27	11
13	1.28302758115429	a7	a17
12	1.28316755623437	a7	a17	a27	14
13	1.28422936719897	a7	a17
12	1.29022829920235	a7	a17	a31	3
13	1.31316421589526	a7	a17
12	1.31332018812735	a7	a17	a31	11
13	1.32778161354349	a7	a17
12	1.36181355479865	a7	a17	a23	3
13	1.3626234106191	a7	a17
12	1.36274738854717	a7	a17	a23	6
13	1.36355524472363	a7	a17
12	1.36372521446372	a7	a17	a23	10
13	1.36461305640022	a7	a17
12	1.3647410336163	a7	a17	a23	13
13	1.3658068438689	a7	a17
12	1.36728658042973	a7	a17	a23	1
13	1.36896028245867	a7	a17
12	1.36915624757078	a7	a17	a23	8
13	1.37037003147947	a7	a17
12	1.37053200264356	a7	a17	a23	11
13	1.37161780933617	a7	a17
12	1.37174978584024	a7	a17	a23	15
13	1.37282959360085	a7	a17
12	1.37471725753791	a7	a17	a25	6
13	1.37501520449408	a7	a17
12	1.37517117672617	a7	a17	a25	10
13	1.37585905426256	a7	a17
12	1.37903248929234	a7	a17	a27	3
13	1.38024827284503	a7	a17
12	1.38039424685711	a7	a17	a27	6
13	1.38194797024598	a7	a17
12	1.38211194105408	a7	a17	a27	9
13	1.38401360249915	a7	a17
12	1.3878449204053	a7	a17	a29	3
13	1.38828284244155	a7	a17
12	1.39004252916254	a7	a17	a31	4
13	1.39034247576271	a7	a17
12	1.39041446294675	a7	a17	a31	5
13	1.39217015037974	a7	a17
12	1.39223413898777	a7	a17	a31	6
13	1.39435176198497	a7	a17
12	1.39439775379699	a7	a17	a31	7
13	1.41510806671665	a7	a17
12	1.41526603859274	a7	a17	a31	12
13	1.42558820092655	a7	a17
12	1.42574217351464	a7	a17	a31	14
13	1.42590814396673	a7	a17
12	1.42595413577876	a7	a17	a31	15
13	1.42604411975881	a7	a17
12	1.4569306210002	a7	a17	a35	3
13	1.45737454196845	a7	a17
12	1.45895226108533	a7	a17	a37	2
13	1.45931419664954	a7	a17
